\BOOKMARK [0][-]{chapter.1}{\376\377\116\313\176\315}{}% 1
\BOOKMARK [0][-]{chapter.2}{\376\377\134\161\116\034\131\047\133\146\166\204\123\206\123\362}{}% 2
\BOOKMARK [0][-]{chapter.3}{\376\377\163\260\162\266}{}% 3
\BOOKMARK [1][-]{section.3.1}{\376\377\116\011\127\316\121\153\150\041}{chapter.3}% 4
\BOOKMARK [2][-]{subsection.3.1.1}{\376\377\116\055\137\303\150\041\123\072}{section.3.1}% 5
\BOOKMARK [2][-]{subsection.3.1.2}{\376\377\155\052\133\266\151\174\150\041\123\072}{section.3.1}% 6
\BOOKMARK [2][-]{subsection.3.1.3}{\376\377\215\265\172\201\154\311\150\041\123\072}{section.3.1}% 7
\BOOKMARK [2][-]{subsection.3.1.4}{\376\377\123\103\117\133\134\161\150\041\123\072}{section.3.1}% 8
\BOOKMARK [2][-]{subsection.3.1.5}{\376\377\121\164\226\206\134\161\150\041\123\072}{section.3.1}% 9
\BOOKMARK [2][-]{subsection.3.1.6}{\376\377\237\120\234\201\217\157\116\366\126\355}{section.3.1}% 10
\BOOKMARK [2][-]{subsection.3.1.7}{\376\377\132\001\155\167\150\041\123\072}{section.3.1}% 11
\BOOKMARK [2][-]{subsection.3.1.8}{\376\377\227\122\134\233\150\041\123\072}{section.3.1}% 12
\BOOKMARK [1][-]{section.3.2}{\376\377\136\010\215\104\122\233\221\317}{chapter.3}% 13
\BOOKMARK [2][-]{subsection.3.2.1}{\376\377\116\044\226\142\226\142\130\353}{section.3.2}% 14
\BOOKMARK [1][-]{section.3.3}{\376\377\141\011\137\353\166\204\124\020\151\375}{chapter.3}% 15
\BOOKMARK [1][-]{section.3.4}{\376\377\122\237\200\375\155\113\213\325\123\072\127\337}{chapter.3}% 16
\BOOKMARK [0][-]{chapter.4}{\376\377\134\161\116\034\131\047\133\146\126\376\137\327\377\032\171\313\137\306\040\024\040\024\134\161\131\047\116\113\140\113}{}% 17
\BOOKMARK [0][-]{appendix.A}{\376\377\134\161\116\034\131\047\133\146\170\024\172\166\165\037\226\142\121\163\116\216\133\146\117\115\213\272\145\207\166\204\150\074\137\017\211\201\154\102}{}% 18
\BOOKMARK [1][-]{section.A.1}{\376\377\133\146\117\115\213\272\145\207\166\204\127\372\147\054\211\201\154\102}{appendix.A}% 19
\BOOKMARK [1][-]{section.A.2}{\376\377\133\146\117\115\213\272\145\207\166\204\176\323\147\204\211\201\154\102}{appendix.A}% 20
\BOOKMARK [1][-]{section.A.3}{\376\377\133\146\117\115\213\272\145\207\166\204\150\074\137\017\211\201\154\102}{appendix.A}% 21
\BOOKMARK [2][-]{subsection.A.3.1}{\376\377\213\272\145\207\134\001\227\142}{section.A.3}% 22
\BOOKMARK [2][-]{subsection.A.3.2}{\376\377\142\111\230\165}{section.A.3}% 23
\BOOKMARK [2][-]{subsection.A.3.3}{\376\377\123\237\122\033\140\047\130\360\146\016\124\214\121\163\116\216\133\146\117\115\213\272\145\207\117\177\165\050\143\210\147\103\166\204\213\364\146\016}{section.A.3}% 24
\BOOKMARK [2][-]{subsection.A.3.4}{\376\377\213\272\145\207\166\356\137\125}{section.A.3}% 25
\BOOKMARK [2][-]{subsection.A.3.5}{\376\377\116\055\145\207\144\130\211\201}{section.A.3}% 26
\BOOKMARK [2][-]{subsection.A.3.6}{\376\377\131\026\145\207\144\130\211\201}{section.A.3}% 27
\BOOKMARK [2][-]{subsection.A.3.7}{\376\377\173\046\123\367\213\364\146\016}{section.A.3}% 28
\BOOKMARK [2][-]{subsection.A.3.8}{\376\377\213\272\145\207\153\143\145\207}{section.A.3}% 29
\BOOKMARK [2][-]{subsection.A.3.9}{\376\377\226\104\137\125\060\001\226\104\126\376\210\150}{section.A.3}% 30
\BOOKMARK [2][-]{subsection.A.3.10}{\376\377\137\025\145\207\121\372\131\004\123\312\123\302\200\003\145\207\163\056}{section.A.3}% 31
\BOOKMARK [2][-]{subsection.A.3.11}{\376\377\201\364\214\042}{section.A.3}% 32
\BOOKMARK [2][-]{subsection.A.3.12}{\376\377\145\073\213\373\133\146\117\115\147\037\225\364\123\321\210\150\166\204\133\146\147\057\213\272\145\207\166\356\137\125}{section.A.3}% 33
\BOOKMARK [2][-]{subsection.A.3.13}{\376\377\133\146\117\115\213\272\145\207\213\304\226\005\123\312\173\124\217\251\140\305\121\265}{section.A.3}% 34
\BOOKMARK [2][-]{subsection.A.3.14}{\376\377\131\026\145\207\213\272\145\207}{section.A.3}% 35
\BOOKMARK [1][-]{section.A.4}{\376\377\133\146\117\115\213\272\145\207\166\204\142\123\123\160\116\016\210\305\213\242}{appendix.A}% 36
