This is XeTeX, Version 3.1415926-2.3-0.9997.5 (MiKTeX 2.9) (preloaded format=xelatex 2019.3.28)  2 APR 2019 17:32
entering extended mode
**sduthesis-demo.tex
(D:\学习\学习\3大四下学期\毕业论文撰写\usca_sdu_latex\sdu_wh_lat
ex\sduthesis-demo.tex
LaTeX2e <2011/06/27>
Babel <v3.8m> and hyphenation patterns for loaded.
(D:\学习\学习\3大四下学期\毕业论文撰写\usca_sdu_latex\sdu_wh_lat
ex\sduthesis.cls
Document Class: sduthesis 2015/01/05 v1.2.0c Thesis Template of Shandong Univer
sity
(D:\programfiles_x86\CTEX\MiKTeX\tex\latex\oberdiek\kvoptions.sty
Package: kvoptions 2010/12/23 v3.10 Keyval support for LaTeX options (HO)

(D:\programfiles_x86\CTEX\MiKTeX\tex\latex\graphics\keyval.sty
Package: keyval 1999/03/16 v1.13 key=value parser (DPC)
\KV@toks@=\toks14
)
(D:\programfiles_x86\CTEX\MiKTeX\tex\generic\oberdiek\ltxcmds.sty
Package: ltxcmds 2011/04/18 v1.20 LaTeX kernel commands for general use (HO)
)
(D:\programfiles_x86\CTEX\MiKTeX\tex\generic\oberdiek\kvsetkeys.sty
Package: kvsetkeys 2011/04/07 v1.13 Key value parser (HO)

(D:\programfiles_x86\CTEX\MiKTeX\tex\generic\oberdiek\infwarerr.sty
Package: infwarerr 2010/04/08 v1.3 Providing info/warning/message (HO)
)
(D:\programfiles_x86\CTEX\MiKTeX\tex\generic\oberdiek\etexcmds.sty
Package: etexcmds 2011/02/16 v1.5 Prefix for e-TeX command names (HO)

(D:\programfiles_x86\CTEX\MiKTeX\tex\generic\oberdiek\ifluatex.sty
Package: ifluatex 2010/03/01 v1.3 Provides the ifluatex switch (HO)
Package ifluatex Info: LuaTeX not detected.
)
Package etexcmds Info: Could not find \expanded.
(etexcmds)             That can mean that you are not using pdfTeX 1.50 or
(etexcmds)             that some package has redefined \expanded.
(etexcmds)             In the latter case, load this package earlier.
)))
(D:\programfiles_x86\CTEX\MiKTeX\tex\latex\etoolbox\etoolbox.sty
Package: etoolbox 2011/01/03 v2.1 e-TeX tools for LaTeX

(D:\programfiles_x86\CTEX\MiKTeX\tex\latex\misc\etex.sty
Package: etex 1998/03/26 v2.0 eTeX basic definition package (PEB)
\et@xins=\count80
)
\etb@tempcnta=\count81
)
(D:\programfiles_x86\CTEX\MiKTeX\tex\latex\ctex\ctexbook.cls
Document Class: ctexbook 2011/03/11 v1.02c ctexbook document class
(D:\programfiles_x86\CTEX\MiKTeX\tex\latex\ctex\opt\ctex-common-opts.def)
(D:\programfiles_x86\CTEX\MiKTeX\tex\latex\ctex\opt\ctex-caption-opts.def
\c@CTEX@sectiondepth=\count82
)
(D:\programfiles_x86\CTEX\MiKTeX\tex\latex\ctex\opt\ctex-class-opts.def)
(D:\programfiles_x86\CTEX\CTeX\tex\latex\ctex\cfg\ctexopts.cfg)
(D:\programfiles_x86\CTEX\MiKTeX\tex\latex\ctex\def\ctex-loadclass.def
(D:\programfiles_x86\CTEX\MiKTeX\tex\latex\base\book.cls
Document Class: book 2007/10/19 v1.4h Standard LaTeX document class
(D:\programfiles_x86\CTEX\MiKTeX\tex\latex\base\bk12.clo
File: bk12.clo 2007/10/19 v1.4h Standard LaTeX file (size option)
Requested font "cmr12" at 12.0pt
 -> cmr12
)
\c@part=\count83
\c@chapter=\count84
\c@section=\count85
\c@subsection=\count86
\c@subsubsection=\count87
\c@paragraph=\count88
\c@subparagraph=\count89
\c@figure=\count90
\c@table=\count91
\abovecaptionskip=\skip41
\belowcaptionskip=\skip42
\bibindent=\dimen102
))
(D:\programfiles_x86\CTEX\MiKTeX\tex\latex\ctex\def\ctex-common.def
(D:\programfiles_x86\CTEX\MiKTeX\tex\latex\l3kernel\expl3.sty
(D:\programfiles_x86\CTEX\MiKTeX\tex\latex\l3kernel\l3names.sty
(D:\programfiles_x86\CTEX\MiKTeX\tex\latex\l3kernel\l3bootstrap.sty
Package: l3bootstrap 2011/12/29 v3110 L3 Experimental bootstrap code
)
Package: l3names 2011/12/30 v3113 L3 Experimental namespace for primitives
)
Package: expl3 2012/02/26 v3471 L3 Experimental code bundle wrapper

(D:\programfiles_x86\CTEX\MiKTeX\tex\latex\graphics\color.sty
Package: color 2005/11/14 v1.0j Standard LaTeX Color (DPC)

(D:\programfiles_x86\CTEX\MiKTeX\tex\latex\00miktex\color.cfg
File: color.cfg 2007/01/18 v1.5 color configuration of teTeX/TeXLive
)
Package color Info: Driver file: xetex.def on input line 130.

(D:\programfiles_x86\CTEX\MiKTeX\tex\xelatex\xetex-def\xetex.def
File: xetex.def 2009/11/22 v0.94 LaTeX color/graphics driver for XeTeX (RRM/JK)

))
(D:\programfiles_x86\CTEX\MiKTeX\tex\latex\graphics\graphics.sty
Package: graphics 2009/02/05 v1.0o Standard LaTeX Graphics (DPC,SPQR)

(D:\programfiles_x86\CTEX\MiKTeX\tex\latex\graphics\trig.sty
Package: trig 1999/03/16 v1.09 sin cos tan (DPC)
)
(D:\programfiles_x86\CTEX\MiKTeX\tex\latex\00miktex\graphics.cfg
File: graphics.cfg 2007/01/18 v1.5 graphics configuration of teTeX/TeXLive
)
Package graphics Info: Driver file: xetex.def on input line 91.
)
(D:\programfiles_x86\CTEX\MiKTeX\tex\latex\l3kernel\l3basics.sty
Package: l3basics 2012/02/26 v3460 L3 Experimental basic definitions
)
(D:\programfiles_x86\CTEX\MiKTeX\tex\latex\l3kernel\l3expan.sty
Package: l3expan 2012/02/26 v3460 L3 Experimental argument expansion
)
(D:\programfiles_x86\CTEX\MiKTeX\tex\latex\l3kernel\l3tl.sty
Package: l3tl 2012/02/26 v3460 L3 Experimental token lists
)
(D:\programfiles_x86\CTEX\MiKTeX\tex\latex\l3kernel\l3seq.sty
Package: l3seq 2012/01/09 v3158 L3 Experimental sequences and stacks
)
(D:\programfiles_x86\CTEX\MiKTeX\tex\latex\l3kernel\l3int.sty
Package: l3int 2012/02/26 v3460 L3 Experimental integers
\c_max_int=\count92
\l_tmpa_int=\count93
\l_tmpb_int=\count94
\l_tmpc_int=\count95
\g_tmpa_int=\count96
\g_tmpb_int=\count97
)
(D:\programfiles_x86\CTEX\MiKTeX\tex\latex\l3kernel\l3quark.sty
Package: l3quark 2012/02/12 v3384 L3 Experimental quarks
)
(D:\programfiles_x86\CTEX\MiKTeX\tex\latex\l3kernel\l3prg.sty
Package: l3prg 2012/02/26 v3464 L3 Experimental control structures
\g_prg_map_int=\count98
)
(D:\programfiles_x86\CTEX\MiKTeX\tex\latex\l3kernel\l3clist.sty
Package: l3clist 2012/02/26 v3460 L3 Experimental comma separated lists
)
(D:\programfiles_x86\CTEX\MiKTeX\tex\latex\l3kernel\l3token.sty
Package: l3token 2012/02/26 v3460 L3 Experimental token manipulation
)
(D:\programfiles_x86\CTEX\MiKTeX\tex\latex\l3kernel\l3prop.sty
Package: l3prop 2012/02/26 v3460 L3 Experimental property lists
)
(D:\programfiles_x86\CTEX\MiKTeX\tex\latex\l3kernel\l3msg.sty
Package: l3msg 2012/02/26 v3470 L3 Experimental messages
)
(D:\programfiles_x86\CTEX\MiKTeX\tex\latex\l3kernel\l3file.sty
Package: l3file 2012/02/26 v3464 L3 Experimental file and I/O operations
\l_iow_stream_int=\count99
\l_iow_line_length_int=\count100
\l_iow_target_length_int=\count101
\l_iow_current_line_int=\count102
\l_iow_current_word_int=\count103
\l_iow_current_indentation_int=\count104
)
(D:\programfiles_x86\CTEX\MiKTeX\tex\latex\l3kernel\l3skip.sty
Package: l3skip 2012/02/26 v3460 L3 Experimental dimensions and skips
\l_tmpa_dim=\dimen103
\l_tmpb_dim=\dimen104
\l_tmpc_dim=\dimen105
\g_tmpa_dim=\dimen106
\g_tmpb_dim=\dimen107
\l_tmpa_skip=\skip43
\l_tmpb_skip=\skip44
\l_tmpc_skip=\skip45
\g_tmpa_skip=\skip46
\g_tmpb_skip=\skip47
)
(D:\programfiles_x86\CTEX\MiKTeX\tex\latex\l3kernel\l3keys.sty
Package: l3keys 2011/12/22 v3086 L3 Experimental key-value interfaces
\g_keyval_level_int=\count105
\l_keys_choice_int=\count106
)
(D:\programfiles_x86\CTEX\MiKTeX\tex\latex\l3kernel\l3fp.sty
Package: l3fp 2012/02/06 v3315 L3 Experimental floating-point operations
\c_one_hundred_million=\count107
\c_five_hundred_million=\count108
\c_one_thousand_million=\count109
\c_fp_pi_by_four_decimal_int=\count110
\c_fp_pi_by_four_extended_int=\count111
\c_fp_pi_decimal_int=\count112
\c_fp_pi_extended_int=\count113
\c_fp_two_pi_decimal_int=\count114
\c_fp_two_pi_extended_int=\count115
\l_fp_count_int=\count116
\l_fp_div_offset_int=\count117
\l_fp_exp_integer_int=\count118
\l_fp_exp_decimal_int=\count119
\l_fp_exp_extended_int=\count120
\l_fp_exp_exponent_int=\count121
\l_fp_input_a_sign_int=\count122
\l_fp_input_a_integer_int=\count123
\l_fp_input_a_decimal_int=\count124
\l_fp_input_a_exponent_int=\count125
\l_fp_input_b_sign_int=\count126
\l_fp_input_b_integer_int=\count127
\l_fp_input_b_decimal_int=\count128
\l_fp_input_b_exponent_int=\count129
\l_fp_input_a_extended_int=\count130
\l_fp_input_b_extended_int=\count131
\l_fp_mul_a_i_int=\count132
\l_fp_mul_a_ii_int=\count133
\l_fp_mul_a_iii_int=\count134
\l_fp_mul_a_iv_int=\count135
\l_fp_mul_a_v_int=\count136
\l_fp_mul_a_vi_int=\count137
\l_fp_mul_b_i_int=\count138
\l_fp_mul_b_ii_int=\count139
\l_fp_mul_b_iii_int=\count140
\l_fp_mul_b_iv_int=\count141
\l_fp_mul_b_v_int=\count142
\l_fp_mul_b_vi_int=\count143
\l_fp_mul_output_int=\count144
\l_fp_output_sign_int=\count145
\l_fp_output_integer_int=\count146
\l_fp_output_decimal_int=\count147
\l_fp_output_exponent_int=\count148
\l_fp_output_extended_int=\count149
\l_fp_round_position_int=\count150
\l_fp_round_target_int=\count151
\l_fp_split_sign_int=\count152
\l_fp_internal_int=\count153
\l_fp_trig_octant_int=\count154
\l_fp_trig_sign_int=\count155
\l_fp_trig_decimal_int=\count156
\l_fp_trig_extended_int=\count157
\l_fp_internal_dim=\dimen108
\l_fp_internal_skip=\skip48
)
(D:\programfiles_x86\CTEX\MiKTeX\tex\latex\l3kernel\l3box.sty
Package: l3box 2012/02/18 v3432 L3 Experimental boxes
\l_tmpb_box=\box26
\l_box_top_dim=\dimen109
\l_box_bottom_dim=\dimen110
\l_box_left_dim=\dimen111
\l_box_right_dim=\dimen112
\l_box_top_new_dim=\dimen113
\l_box_bottom_new_dim=\dimen114
\l_box_left_new_dim=\dimen115
\l_box_right_new_dim=\dimen116
\l_box_internal_box=\box27
)
(D:\programfiles_x86\CTEX\MiKTeX\tex\latex\l3kernel\l3coffins.sty
Package: l3coffins 2012/02/26 v3460 L3 Experimental coffin code layer
\l_coffin_internal_box=\box28
\l_coffin_internal_dim=\dimen117
\l_coffin_offset_x_dim=\dimen118
\l_coffin_offset_y_dim=\dimen119
\l_coffin_x_dim=\dimen120
\l_coffin_y_dim=\dimen121
\l_coffin_x_prime_dim=\dimen122
\l_coffin_y_prime_dim=\dimen123
\l_coffin_Depth_dim=\dimen124
\l_coffin_Height_dim=\dimen125
\l_coffin_TotalHeight_dim=\dimen126
\l_coffin_Width_dim=\dimen127
\c_empty_coffin=\box29
\l_coffin_aligned_coffin=\box30
\l_coffin_aligned_internal_coffin=\box31
\l_coffin_bounding_shift_dim=\dimen128
\l_coffin_left_corner_dim=\dimen129
\l_coffin_right_corner_dim=\dimen130
\l_coffin_bottom_corner_dim=\dimen131
\l_coffin_top_corner_dim=\dimen132
\l_coffin_scaled_total_height_dim=\dimen133
\l_coffin_scaled_width_dim=\dimen134
\l_coffin_display_coffin=\box32
\l_coffin_display_coord_coffin=\box33
\l_coffin_display_pole_coffin=\box34
\l_coffin_display_offset_dim=\dimen135
\l_coffin_display_x_dim=\dimen136
\l_coffin_display_y_dim=\dimen137
)
(D:\programfiles_x86\CTEX\MiKTeX\tex\latex\l3kernel\l3color.sty
Package: l3color 2011/09/07 v2776 L3 Experimental colour support
)
(D:\programfiles_x86\CTEX\MiKTeX\tex\latex\l3kernel\l3luatex.sty
Package: l3luatex 2012/02/09 v3355 L3 Experimental LuaTeX-specific functions
\g_cctab_allocate_int=\count158
\g_cctab_stack_int=\count159
))
(D:\programfiles_x86\CTEX\MiKTeX\tex\generic\oberdiek\ifpdf.sty
Package: ifpdf 2011/01/30 v2.3 Provides the ifpdf switch (HO)
Package ifpdf Info: pdfTeX in PDF mode is not detected.
)
(D:\programfiles_x86\CTEX\MiKTeX\tex\generic\ifxetex\ifxetex.sty
Package: ifxetex 2010/09/12 v0.6 Provides ifxetex conditional
)
(D:\programfiles_x86\CTEX\MiKTeX\tex\latex\tools\indentfirst.sty
Package: indentfirst 1995/11/23 v1.03 Indent first paragraph (DPC)
)
(D:\programfiles_x86\CTEX\MiKTeX\tex\latex\base\fix-cm.sty
Package: fix-cm 2006/09/13 v1.1m fixes to LaTeX

(D:\programfiles_x86\CTEX\MiKTeX\tex\latex\base\ts1enc.def
File: ts1enc.def 2001/06/05 v3.0e (jk/car/fm) Standard LaTeX file
))
(D:\programfiles_x86\CTEX\MiKTeX\tex\latex\fancyhdr\fancyhdr.sty
\fancy@headwidth=\skip49
\f@ncyO@elh=\skip50
\f@ncyO@erh=\skip51
\f@ncyO@olh=\skip52
\f@ncyO@orh=\skip53
\f@ncyO@elf=\skip54
\f@ncyO@erf=\skip55
\f@ncyO@olf=\skip56
\f@ncyO@orf=\skip57
)
(D:\programfiles_x86\CTEX\MiKTeX\tex\latex\ctex\engine\ctex-xecjk-engine.def
(D:\programfiles_x86\CTEX\MiKTeX\tex\latex\savesym\savesym.sty

LaTeX Warning: You have requested package `savesym',
               but the package provides `savesymbol'.

Package: savesymbol 2003/06/01 v1.1 Saves and restores symbols
) (D:\programfiles_x86\CTEX\MiKTeX\tex\xelatex\xecjk\xeCJK.sty
Package: xeCJK 2012/01/31 2.4.5 package for typesetting CJK scripts with XeLaTe
X

(D:\programfiles_x86\CTEX\MiKTeX\tex\latex\xkeyval\xkeyval.sty
Package: xkeyval 2008/08/13 v2.6a package option processing (HA)

(D:\programfiles_x86\CTEX\MiKTeX\tex\generic\xkeyval\xkeyval.tex
\XKV@toks=\toks15
\XKV@tempa@toks=\toks16
\XKV@depth=\count160
File: xkeyval.tex 2008/08/13 v2.6a key=value parser (HA)
))
(D:\programfiles_x86\CTEX\MiKTeX\tex\latex\fontspec\fontspec.sty
Package: fontspec 2011/09/18 v2.2a Advanced font selection for XeLaTeX/LuaLaTeX


(D:\programfiles_x86\CTEX\MiKTeX\tex\latex\l3packages\xparse\xparse.sty
Package: xparse 2012/02/26 v3471 L3 Experimental document command parser
\l_xparse_current_arg_int=\count161
\l_xparse_m_args_int=\count162
\l_xparse_mandatory_args_int=\count163
\l_xparse_processor_int=\count164
\l_xparse_v_nesting_int=\count165
)
\l_fontspec_script_int=\count166
\l_fontspec_language_int=\count167
\l_fontspec_strnum_int=\count168
\l_fontspec_tmpa_dim=\dimen138
\l_fontspec_tmpb_dim=\dimen139
\l_fontspec_tmpc_dim=\dimen140
Variant \tl_gset:cV already defined; not changing it on line 66

(D:\programfiles_x86\CTEX\MiKTeX\tex\latex\fontspec\fontspec-patches.sty
Package: fontspec-patches 2011/09/18 v2.2a Advanced font selection for XeLaTeX/
LuaLaTeX

(D:\programfiles_x86\CTEX\MiKTeX\tex\latex\base\fixltx2e.sty
Package: fixltx2e 2006/09/13 v1.1m fixes to LaTeX
LaTeX Info: Redefining \em on input line 420.
)
LaTeX Info: Redefining \em on input line 22.
LaTeX Info: Redefining \emph on input line 29.
LaTeX Info: Redefining \- on input line 32.

*************************************************
* LaTeX warning: "xparse/redefine-command"
* 
* Redefining document command \oldstylenums with arg. spec. 'm' on line 107.
*************************************************
.................................................
. LaTeX info: "xparse/define-command"
. 
. Defining document command \liningnums with arg. spec. 'm' on line 111.
.................................................
) (D:\programfiles_x86\CTEX\MiKTeX\tex\latex\fontspec\fontspec-xetex.sty
Package: fontspec-xetex 2011/09/18 v2.2a Advanced font selection for XeLaTeX/Lu
aLaTeX

(D:\programfiles_x86\CTEX\MiKTeX\tex\latex\base\fontenc.sty
Package: fontenc 2005/09/27 v1.99g Standard LaTeX package

(D:\programfiles_x86\CTEX\MiKTeX\tex\latex\euenc\eu1enc.def
File: eu1enc.def 2010/05/27 v0.1h Experimental Unicode font encodings
)
LaTeX Font Info:    Try loading font information for EU1+lmr on input line 100.


(D:\programfiles_x86\CTEX\MiKTeX\tex\latex\euenc\eu1lmr.fd
File: eu1lmr.fd 2009/10/30 v1.6 Font defs for Latin Modern
)
Requested font "[lmroman10-regular]:mapping=tex-text" at 10.0pt
 -> D:/programfiles_x86/CTEX/MiKTeX/fonts/opentype/public/lm/lmroman10-regular.
otf
)
(D:\programfiles_x86\CTEX\MiKTeX\tex\xelatex\xunicode\xunicode.sty
File: xunicode.sty 2011/09/09 v0.981 provides access to latin accents and many 
other characters in Unicode lower plane

(D:\programfiles_x86\CTEX\MiKTeX\tex\latex\tipa\t3enc.def
File: t3enc.def 2001/12/31 T3 encoding
Requested font "[lmromanslant10-regular]:mapping=tex-text" at 10.0pt
 -> D:/programfiles_x86/CTEX/MiKTeX/fonts/opentype/public/lm/lmromanslant10-reg
ular.otf
Requested font "[lmroman10-italic]:mapping=tex-text" at 10.0pt
 -> D:/programfiles_x86/CTEX/MiKTeX/fonts/opentype/public/lm/lmroman10-italic.o
tf
Requested font "[lmroman10-bold]:mapping=tex-text" at 10.0pt
 -> D:/programfiles_x86/CTEX/MiKTeX/fonts/opentype/public/lm/lmroman10-bold.otf
LaTeX Font Info:    Try loading font information for EU1+lmss on input line 357
.

(D:\programfiles_x86\CTEX\MiKTeX\tex\latex\euenc\eu1lmss.fd
File: eu1lmss.fd 2009/10/30 v1.6 Font defs for Latin Modern
)
Requested font "[lmsans10-regular]:mapping=tex-text" at 10.0pt
 -> D:/programfiles_x86/CTEX/MiKTeX/fonts/opentype/public/lm/lmsans10-regular.o
tf
)
\tipaTiiicode=\count169
\tipasavetokens=\toks17
\tipachecktokens=\toks18

(D:\programfiles_x86\CTEX\MiKTeX\tex\latex\graphics\graphicx.sty
Package: graphicx 1999/02/16 v1.0f Enhanced LaTeX Graphics (DPC,SPQR)
\Gin@req@height=\dimen141
\Gin@req@width=\dimen142
))
.................................................
. LaTeX info: "xparse/define-command"
. 
. Defining document command \fontspec with arg. spec. 'O{}m' on line 39.
.................................................
.................................................
. LaTeX info: "xparse/define-command"
. 
. Defining document command \setmainfont with arg. spec. 'O{}m' on line 43.
.................................................
.................................................
. LaTeX info: "xparse/define-command"
. 
. Defining document command \setsansfont with arg. spec. 'O{}m' on line 47.
.................................................
.................................................
. LaTeX info: "xparse/define-command"
. 
. Defining document command \setmonofont with arg. spec. 'O{}m' on line 51.
.................................................
.................................................
. LaTeX info: "xparse/define-command"
. 
. Defining document command \setmathrm with arg. spec. 'O{}m' on line 59.
.................................................
.................................................
. LaTeX info: "xparse/define-command"
. 
. Defining document command \setboldmathrm with arg. spec. 'O{}m' on line 62.
.................................................
.................................................
. LaTeX info: "xparse/define-command"
. 
. Defining document command \setmathsf with arg. spec. 'O{}m' on line 65.
.................................................
.................................................
. LaTeX info: "xparse/define-command"
. 
. Defining document command \setmathtt with arg. spec. 'O{}m' on line 68.
.................................................
.................................................
. LaTeX info: "xparse/define-command"
. 
. Defining document command \newfontfamily with arg. spec. 'mO{}m' on line 84.
.................................................
.................................................
. LaTeX info: "xparse/define-command"
. 
. Defining document command \newfontface with arg. spec. 'mO{}m' on line 87.
.................................................
.................................................
. LaTeX info: "xparse/define-command"
. 
. Defining document command \defaultfontfeatures with arg. spec. 'm' on line
. 91.
.................................................
.................................................
. LaTeX info: "xparse/define-command"
. 
. Defining document command \addfontfeatures with arg. spec. 'm' on line 107.
.................................................
.................................................
. LaTeX info: "xparse/define-command"
. 
. Defining document command \newfontfeature with arg. spec. 'mm' on line 118.
.................................................
.................................................
. LaTeX info: "xparse/define-command"
. 
. Defining document command \newAATfeature with arg. spec. 'mmmm' on line 125.
.................................................
.................................................
. LaTeX info: "xparse/define-command"
. 
. Defining document command \newICUfeature with arg. spec. 'mmm' on line 132.
.................................................
.................................................
. LaTeX info: "xparse/define-command"
. 
. Defining document command \aliasfontfeature with arg. spec. 'mm' on line
. 159.
.................................................
.................................................
. LaTeX info: "xparse/define-command"
. 
. Defining document command \aliasfontfeatureoption with arg. spec. 'mmm' on
. line 164.
.................................................
.................................................
. LaTeX info: "xparse/define-command"
. 
. Defining document command \newfontscript with arg. spec. 'mm' on line 169.
.................................................
.................................................
. LaTeX info: "xparse/define-command"
. 
. Defining document command \newfontlanguage with arg. spec. 'mm' on line 192.
.................................................
.................................................
. LaTeX info: "xparse/define-command"
. 
. Defining document command \DeclareFontsExtensions with arg. spec. 'm' on
. line 211.
.................................................
Variant \prop_gput:cnV already defined; not changing it on line 485
Variant \prop_gput:cnx already defined; not changing it on line 486
Variant \keys_set:nx already defined; not changing it on line 963
\c@fontspec_tmp_int=\count170
LaTeX Info: Redefining \itshape on input line 1881.
LaTeX Info: Redefining \slshape on input line 1885.
LaTeX Info: Redefining \scshape on input line 1889.
LaTeX Info: Redefining \upshape on input line 1893.

(D:\programfiles_x86\CTEX\MiKTeX\tex\latex\fontspec\fontspec.cfg)))
\xeCJK@cnta=\count171
\xeCJK@cntb=\count172
\xeCJK@cntc=\count173
\xeCJK@cntd=\count174
\xeCJK@cnte=\count175
\xeCJK@dima=\dimen143
LaTeX Info: Redefining \normalfont on input line 886.
LaTeX Info: Redefining \rmfamily on input line 895.
LaTeX Info: Redefining \sffamily on input line 899.
LaTeX Info: Redefining \ttfamily on input line 903.
\xeCJK@featureadded=\count176
\g_xecjk_exspace_dim=\dimen144
)
(D:\programfiles_x86\CTEX\MiKTeX\tex\latex\ctex\engine\ctex-cjk-common.def
\ccwd=\dimen145
)
(D:\programfiles_x86\CTEX\MiKTeX\tex\latex\ctex\fontset\ctex-xecjk-winfonts.def
))
\CTEX@q=\count177
\CTEX@r=\count178
) (D:\programfiles_x86\CTEX\MiKTeX\tex\latex\ctex\def\ctex-caption.def)
(D:\programfiles_x86\CTEX\MiKTeX\tex\latex\ctex\def\ctex-class.def
Requested font "[lmroman12-regular]:mapping=tex-text" at 12.05pt
 -> D:/programfiles_x86/CTEX/MiKTeX/fonts/opentype/public/lm/lmroman12-regular.
otf
)
(D:\programfiles_x86\CTEX\MiKTeX\tex\latex\ctex\def\ctex-book.def))
(D:\programfiles_x86\CTEX\MiKTeX\tex\latex\ctex\def\ctex-utf8.def)
(D:\programfiles_x86\CTEX\MiKTeX\tex\latex\ctex\cfg\ctexcap.cfg
(D:\programfiles_x86\CTEX\MiKTeX\tex\latex\ctex\cfg\ctexcap-utf8.cfg))
(D:\programfiles_x86\CTEX\MiKTeX\tex\latex\ctex\cfg\ctex.cfg)
(D:\programfiles_x86\CTEX\MiKTeX\tex\latex\geometry\geometry.sty
Package: geometry 2010/09/12 v5.6 Page Geometry

(D:\programfiles_x86\CTEX\MiKTeX\tex\generic\oberdiek\ifvtex.sty
Package: ifvtex 2010/03/01 v1.5 Switches for detecting VTeX and its modes (HO)
Package ifvtex Info: VTeX not detected.
)
\Gm@cnth=\count179
\Gm@cntv=\count180
\c@Gm@tempcnt=\count181
\Gm@bindingoffset=\dimen146
\Gm@wd@mp=\dimen147
\Gm@odd@mp=\dimen148
\Gm@even@mp=\dimen149
\Gm@layoutwidth=\dimen150
\Gm@layoutheight=\dimen151
\Gm@layouthoffset=\dimen152
\Gm@layoutvoffset=\dimen153
\Gm@dimlist=\toks19

(D:\programfiles_x86\CTEX\MiKTeX\tex\xelatex\xetexconfig\geometry.cfg))
(D:\programfiles_x86\CTEX\MiKTeX\tex\latex\ams\math\amsmath.sty
Package: amsmath 2000/07/18 v2.13 AMS math features
\@mathmargin=\skip58

For additional information on amsmath, use the `?' option.
(D:\programfiles_x86\CTEX\MiKTeX\tex\latex\ams\math\amstext.sty
Package: amstext 2000/06/29 v2.01

(D:\programfiles_x86\CTEX\MiKTeX\tex\latex\ams\math\amsgen.sty
File: amsgen.sty 1999/11/30 v2.0
\@emptytoks=\toks20
\ex@=\dimen154
))
(D:\programfiles_x86\CTEX\MiKTeX\tex\latex\ams\math\amsbsy.sty
Package: amsbsy 1999/11/29 v1.2d
\pmbraise@=\dimen155
)
(D:\programfiles_x86\CTEX\MiKTeX\tex\latex\ams\math\amsopn.sty
Package: amsopn 1999/12/14 v2.01 operator names
)
\inf@bad=\count182
LaTeX Info: Redefining \frac on input line 211.
\uproot@=\count183
\leftroot@=\count184
LaTeX Info: Redefining \overline on input line 307.
\classnum@=\count185
\DOTSCASE@=\count186
LaTeX Info: Redefining \ldots on input line 379.
LaTeX Info: Redefining \dots on input line 382.
LaTeX Info: Redefining \cdots on input line 467.
\Mathstrutbox@=\box35
\strutbox@=\box36
\big@size=\dimen156
LaTeX Font Info:    Redeclaring font encoding OML on input line 567.
LaTeX Font Info:    Redeclaring font encoding OMS on input line 568.
\macc@depth=\count187
\c@MaxMatrixCols=\count188
\dotsspace@=\muskip10
\c@parentequation=\count189
\dspbrk@lvl=\count190
\tag@help=\toks21
\row@=\count191
\column@=\count192
\maxfields@=\count193
\andhelp@=\toks22
\eqnshift@=\dimen157
\alignsep@=\dimen158
\tagshift@=\dimen159
\tagwidth@=\dimen160
\totwidth@=\dimen161
\lineht@=\dimen162
\@envbody=\toks23
\multlinegap=\skip59
\multlinetaggap=\skip60
\mathdisplay@stack=\toks24
LaTeX Info: Redefining \[ on input line 2666.
LaTeX Info: Redefining \] on input line 2667.
)
(D:\programfiles_x86\CTEX\MiKTeX\tex\latex\amsfonts\amsfonts.sty
Package: amsfonts 2009/06/22 v3.00 Basic AMSFonts support
\symAMSa=\mathgroup4
\symAMSb=\mathgroup5
LaTeX Font Info:    Overwriting math alphabet `\mathfrak' in version `bold'
(Font)                  U/euf/m/n --> U/euf/b/n on input line 96.
)
(D:\programfiles_x86\CTEX\MiKTeX\tex\latex\ams\classes\amsthm.sty
Package: amsthm 2004/08/06 v2.20
\thm@style=\toks25
\thm@bodyfont=\toks26
\thm@headfont=\toks27
\thm@notefont=\toks28
\thm@headpunct=\toks29
\thm@preskip=\skip61
\thm@postskip=\skip62
\thm@headsep=\skip63
\dth@everypar=\toks30
)
(D:\programfiles_x86\CTEX\MiKTeX\tex\latex\amsfonts\amssymb.sty
Package: amssymb 2009/06/22 v3.00
)
(D:\programfiles_x86\CTEX\MiKTeX\tex\latex\tools\bm.sty
Package: bm 2004/02/26 v1.1c Bold Symbol Support (DPC/FMi)
\symboldoperators=\mathgroup6
\symboldletters=\mathgroup7
\symboldsymbols=\mathgroup8
LaTeX Font Info:    Redeclaring math alphabet \mathbf on input line 138.
LaTeX Info: Redefining \bm on input line 204.
)
(D:\programfiles_x86\CTEX\MiKTeX\tex\latex\jknappen\mathrsfs.sty
Package: mathrsfs 1996/01/01 Math RSFS package v1.0 (jk)
\symrsfs=\mathgroup9
)
(D:\programfiles_x86\CTEX\MiKTeX\tex\latex\booktabs\booktabs.sty
Package: booktabs 2005/04/14 v1.61803 publication quality tables
\heavyrulewidth=\dimen163
\lightrulewidth=\dimen164
\cmidrulewidth=\dimen165
\belowrulesep=\dimen166
\belowbottomsep=\dimen167
\aboverulesep=\dimen168
\abovetopsep=\dimen169
\cmidrulesep=\dimen170
\cmidrulekern=\dimen171
\defaultaddspace=\dimen172
\@cmidla=\count194
\@cmidlb=\count195
\@aboverulesep=\dimen173
\@belowrulesep=\dimen174
\@thisruleclass=\count196
\@lastruleclass=\count197
\@thisrulewidth=\dimen175
)
(D:\programfiles_x86\CTEX\MiKTeX\tex\latex\xcolor\xcolor.sty
Package: xcolor 2007/01/21 v2.11 LaTeX color extensions (UK)

(D:\programfiles_x86\CTEX\MiKTeX\tex\latex\00miktex\color.cfg
File: color.cfg 2007/01/18 v1.5 color configuration of teTeX/TeXLive
)
Package xcolor Info: Driver file: xetex.def on input line 225.
LaTeX Info: Redefining \color on input line 702.
Package xcolor Info: Model `cmy' substituted by `cmy0' on input line 1337.
Package xcolor Info: Model `RGB' extended on input line 1353.
Package xcolor Info: Model `HTML' substituted by `rgb' on input line 1355.
Package xcolor Info: Model `Hsb' substituted by `hsb' on input line 1356.
Package xcolor Info: Model `tHsb' substituted by `hsb' on input line 1357.
Package xcolor Info: Model `HSB' substituted by `hsb' on input line 1358.
Package xcolor Info: Model `Gray' substituted by `gray' on input line 1359.
Package xcolor Info: Model `wave' substituted by `hsb' on input line 1360.
)
(D:\programfiles_x86\CTEX\MiKTeX\tex\latex\makecell\makecell.sty
Package: makecell 2009/08/03 V0.1e Managing of Tab Column Heads and Cells

(D:\programfiles_x86\CTEX\MiKTeX\tex\latex\tools\array.sty
Package: array 2008/09/09 v2.4c Tabular extension package (FMi)
\col@sep=\dimen176
\extrarowheight=\dimen177
\NC@list=\toks31
\extratabsurround=\skip64
\backup@length=\skip65
)
\rotheadsize=\dimen178
\c@nlinenum=\count198
\TeXr@lab=\toks32
)
Requested font "Times New Roman" at 12.05pt
 -> C:/Windows/Fonts/times.ttf
Requested font "Times New Roman/ICU" at 12.05pt
 -> C:/Windows/Fonts/times.ttf
\g_fontspec_family_Times New Roman_int=\count199
Requested font "Times New Roman/B/ICU" at 12.05pt
 -> C:/Windows/Fonts/timesbd.ttf
Requested font "Times New Roman/B/B/ICU" at 12.05pt
 -> C:/Windows/Fonts/timesbd.ttf
Requested font "Times New Roman/I/ICU" at 12.05pt
 -> C:/Windows/Fonts/timesi.ttf
Requested font "Times New Roman/I/I/ICU" at 12.05pt
 -> C:/Windows/Fonts/timesi.ttf
Requested font "Times New Roman/BI/ICU" at 12.05pt
 -> C:/Windows/Fonts/timesbi.ttf
Requested font "Times New Roman/BI/BI/ICU" at 12.05pt
 -> C:/Windows/Fonts/timesbi.ttf
.................................................
. fontspec info: "defining-font"
. 
. Font family 'TimesNewRoman(0)' created for font 'Times New Roman' with
. options [Ligatures=TeX,].
. 
. This font family consists of the following shapes:
. 
. * 'normal' with NFSS spec.:
. <->"Times New Roman/ICU:script=latn;language=DFLT;mapping=tex-text;"
. 
. * 'small caps' with NFSS spec.:
. <->"Times New Roman/ICU:script=latn;language=DFLT;mapping=tex-text;+smcp;"
. 
. * 'bold' with NFSS spec.:
. <->"Times New Roman/B/ICU:script=latn;language=DFLT;mapping=tex-text;"
. 
. * 'bold small caps' with NFSS spec.:
. <->"Times New Roman/B/ICU:script=latn;language=DFLT;mapping=tex-text;+smcp;"
. 
. * 'italic' with NFSS spec.:
. <->"Times New Roman/I/ICU:script=latn;language=DFLT;mapping=tex-text;"
. 
. * 'italic small caps' with NFSS spec.:
. <->"Times New Roman/I/ICU:script=latn;language=DFLT;mapping=tex-text;+smcp;"
. 
. * 'bold italic' with NFSS spec.:
. <->"Times New Roman/BI/ICU:script=latn;language=DFLT;mapping=tex-text;"
. 
. * 'bold italic small caps' with NFSS spec.:
. <->"Times New
. Roman/BI/ICU:script=latn;language=DFLT;mapping=tex-text;+smcp;"
.................................................
Requested font "Times New Roman/ICU:script=latn;language=DFLT;mapping=tex-text;
" at 12.05pt
 -> C:/Windows/Fonts/times.ttf

(D:\学习\学习\3大四下学期\毕业论文撰写\usca_sdu_latex\sdu_wh_lat
ex\sduthesis-cover.def
\fenlei=\toks33
\DWdaihao=\toks34
\miji=\toks35
\StuNum=\toks36
\Ctitle=\toks37
\Cauthor=\toks38
\Cmajor=\toks39
\Csuperver=\toks40
\Cdate=\toks41
\Dpart=\toks42
\Grade=\toks43
))
(D:\programfiles_x86\CTEX\MiKTeX\tex\latex\pgf\frontendlayer\tikz.sty
(D:\programfiles_x86\CTEX\MiKTeX\tex\latex\pgf\basiclayer\pgf.sty
(D:\programfiles_x86\CTEX\MiKTeX\tex\latex\pgf\utilities\pgfrcs.sty
(D:\programfiles_x86\CTEX\MiKTeX\tex\generic\pgf\utilities\pgfutil-common.tex
\pgfutil@everybye=\toks44
)
(D:\programfiles_x86\CTEX\MiKTeX\tex\generic\pgf\utilities\pgfutil-latex.def
\pgfutil@abb=\box37

(D:\programfiles_x86\CTEX\MiKTeX\tex\latex\ms\everyshi.sty
Package: everyshi 2001/05/15 v3.00 EveryShipout Package (MS)
))
(D:\programfiles_x86\CTEX\MiKTeX\tex\generic\pgf\utilities\pgfrcs.code.tex
Package: pgfrcs 2010/10/25 v2.10 (rcs-revision 1.24)
))
Package: pgf 2008/01/15 v2.10 (rcs-revision 1.12)

(D:\programfiles_x86\CTEX\MiKTeX\tex\latex\pgf\basiclayer\pgfcore.sty
(D:\programfiles_x86\CTEX\MiKTeX\tex\latex\pgf\systemlayer\pgfsys.sty
(D:\programfiles_x86\CTEX\MiKTeX\tex\generic\pgf\systemlayer\pgfsys.code.tex
Package: pgfsys 2010/06/30 v2.10 (rcs-revision 1.37)

(D:\programfiles_x86\CTEX\MiKTeX\tex\generic\pgf\utilities\pgfkeys.code.tex
\pgfkeys@pathtoks=\toks45
\pgfkeys@temptoks=\toks46

(D:\programfiles_x86\CTEX\MiKTeX\tex\generic\pgf\utilities\pgfkeysfiltered.code
.tex
\pgfkeys@tmptoks=\toks47
))
\pgf@x=\dimen179
\pgf@y=\dimen180
\pgf@xa=\dimen181
\pgf@ya=\dimen182
\pgf@xb=\dimen183
\pgf@yb=\dimen184
\pgf@xc=\dimen185
\pgf@yc=\dimen186
\w@pgf@writea=\write3
\r@pgf@reada=\read1
\c@pgf@counta=\count200
\c@pgf@countb=\count201
Normal \count register pool exhausted, switching to extended pool.
\c@pgf@countc=\count277
\c@pgf@countd=\count278
 (D:\programfiles_x86\CTEX\MiKTeX\tex\generic\pgf\systemlayer\pgf.cfg
File: pgf.cfg 2008/05/14  (rcs-revision 1.7)
)
Package pgfsys Info: Driver file for pgf: pgfsys-xetex.def on input line 900.

(D:\programfiles_x86\CTEX\MiKTeX\tex\generic\pgf\systemlayer\pgfsys-xetex.def
File: pgfsys-xetex.def 2010/02/16  (rcs-revision 1.3)

(D:\programfiles_x86\CTEX\MiKTeX\tex\generic\pgf\systemlayer\pgfsys-common-pdf.
def
File: pgfsys-common-pdf.def 2008/05/19  (rcs-revision 1.10)
)
(D:\programfiles_x86\CTEX\MiKTeX\tex\generic\pgf\systemlayer\pgfsys-common-pdf-
via-dvi.def
File: pgfsys-common-pdf-via-dvi.def 2008/05/19  (rcs-revision 1.7)
)))
(D:\programfiles_x86\CTEX\MiKTeX\tex\generic\pgf\systemlayer\pgfsyssoftpath.cod
e.tex
File: pgfsyssoftpath.code.tex 2008/07/18  (rcs-revision 1.7)
\pgfsyssoftpath@smallbuffer@items=\count279
\pgfsyssoftpath@bigbuffer@items=\count280
)
(D:\programfiles_x86\CTEX\MiKTeX\tex\generic\pgf\systemlayer\pgfsysprotocol.cod
e.tex
File: pgfsysprotocol.code.tex 2006/10/16  (rcs-revision 1.4)
))
(D:\programfiles_x86\CTEX\MiKTeX\tex\generic\pgf\basiclayer\pgfcore.code.tex
Package: pgfcore 2010/04/11 v2.10 (rcs-revision 1.7)

(D:\programfiles_x86\CTEX\MiKTeX\tex\generic\pgf\math\pgfmath.code.tex
(D:\programfiles_x86\CTEX\MiKTeX\tex\generic\pgf\math\pgfmathcalc.code.tex
(D:\programfiles_x86\CTEX\MiKTeX\tex\generic\pgf\math\pgfmathutil.code.tex)
(D:\programfiles_x86\CTEX\MiKTeX\tex\generic\pgf\math\pgfmathparser.code.tex
\pgfmath@dimen=\dimen187
\pgfmath@count=\count281
\pgfmath@box=\box38
\pgfmath@toks=\toks48
\pgfmath@stack@operand=\toks49
\pgfmath@stack@operation=\toks50
)
(D:\programfiles_x86\CTEX\MiKTeX\tex\generic\pgf\math\pgfmathfunctions.code.tex

(D:\programfiles_x86\CTEX\MiKTeX\tex\generic\pgf\math\pgfmathfunctions.basic.co
de.tex)
(D:\programfiles_x86\CTEX\MiKTeX\tex\generic\pgf\math\pgfmathfunctions.trigonom
etric.code.tex)
(D:\programfiles_x86\CTEX\MiKTeX\tex\generic\pgf\math\pgfmathfunctions.random.c
ode.tex)
(D:\programfiles_x86\CTEX\MiKTeX\tex\generic\pgf\math\pgfmathfunctions.comparis
on.code.tex)
(D:\programfiles_x86\CTEX\MiKTeX\tex\generic\pgf\math\pgfmathfunctions.base.cod
e.tex)
(D:\programfiles_x86\CTEX\MiKTeX\tex\generic\pgf\math\pgfmathfunctions.round.co
de.tex)
(D:\programfiles_x86\CTEX\MiKTeX\tex\generic\pgf\math\pgfmathfunctions.misc.cod
e.tex)))
(D:\programfiles_x86\CTEX\MiKTeX\tex\generic\pgf\math\pgfmathfloat.code.tex
\c@pgfmathroundto@lastzeros=\count282
))
(D:\programfiles_x86\CTEX\MiKTeX\tex\generic\pgf\basiclayer\pgfcorepoints.code.
tex
File: pgfcorepoints.code.tex 2010/04/09  (rcs-revision 1.20)
\pgf@picminx=\dimen188
\pgf@picmaxx=\dimen189
\pgf@picminy=\dimen190
\pgf@picmaxy=\dimen191
\pgf@pathminx=\dimen192
\pgf@pathmaxx=\dimen193
\pgf@pathminy=\dimen194
\pgf@pathmaxy=\dimen195
\pgf@xx=\dimen196
\pgf@xy=\dimen197
\pgf@yx=\dimen198
\pgf@yy=\dimen199
\pgf@zx=\dimen200
\pgf@zy=\dimen201
)
(D:\programfiles_x86\CTEX\MiKTeX\tex\generic\pgf\basiclayer\pgfcorepathconstruc
t.code.tex
File: pgfcorepathconstruct.code.tex 2010/08/03  (rcs-revision 1.24)
Normal \dimen register pool exhausted, switching to extended pool.
\pgf@path@lastx=\dimen256
\pgf@path@lasty=\dimen257
)
(D:\programfiles_x86\CTEX\MiKTeX\tex\generic\pgf\basiclayer\pgfcorepathusage.co
de.tex
File: pgfcorepathusage.code.tex 2008/04/22  (rcs-revision 1.12)
\pgf@shorten@end@additional=\dimen258
\pgf@shorten@start@additional=\dimen259
)
(D:\programfiles_x86\CTEX\MiKTeX\tex\generic\pgf\basiclayer\pgfcorescopes.code.
tex
File: pgfcorescopes.code.tex 2010/09/08  (rcs-revision 1.34)
\pgfpic=\box39
\pgf@hbox=\box40
\pgf@layerbox@main=\box41
\pgf@picture@serial@count=\count283
)
(D:\programfiles_x86\CTEX\MiKTeX\tex\generic\pgf\basiclayer\pgfcoregraphicstate
.code.tex
File: pgfcoregraphicstate.code.tex 2008/04/22  (rcs-revision 1.9)
\pgflinewidth=\dimen260
)
(D:\programfiles_x86\CTEX\MiKTeX\tex\generic\pgf\basiclayer\pgfcoretransformati
ons.code.tex
File: pgfcoretransformations.code.tex 2009/06/10  (rcs-revision 1.11)
\pgf@pt@x=\dimen261
\pgf@pt@y=\dimen262
\pgf@pt@temp=\dimen263
)
(D:\programfiles_x86\CTEX\MiKTeX\tex\generic\pgf\basiclayer\pgfcorequick.code.t
ex
File: pgfcorequick.code.tex 2008/10/09  (rcs-revision 1.3)
)
(D:\programfiles_x86\CTEX\MiKTeX\tex\generic\pgf\basiclayer\pgfcoreobjects.code
.tex
File: pgfcoreobjects.code.tex 2006/10/11  (rcs-revision 1.2)
)
(D:\programfiles_x86\CTEX\MiKTeX\tex\generic\pgf\basiclayer\pgfcorepathprocessi
ng.code.tex
File: pgfcorepathprocessing.code.tex 2008/10/09  (rcs-revision 1.8)
)
(D:\programfiles_x86\CTEX\MiKTeX\tex\generic\pgf\basiclayer\pgfcorearrows.code.
tex
File: pgfcorearrows.code.tex 2008/04/23  (rcs-revision 1.11)
)
(D:\programfiles_x86\CTEX\MiKTeX\tex\generic\pgf\basiclayer\pgfcoreshade.code.t
ex
File: pgfcoreshade.code.tex 2008/11/23  (rcs-revision 1.13)
\pgf@max=\dimen264
\pgf@sys@shading@range@num=\count284
)
(D:\programfiles_x86\CTEX\MiKTeX\tex\generic\pgf\basiclayer\pgfcoreimage.code.t
ex
File: pgfcoreimage.code.tex 2010/03/25  (rcs-revision 1.16)

(D:\programfiles_x86\CTEX\MiKTeX\tex\generic\pgf\basiclayer\pgfcoreexternal.cod
e.tex
File: pgfcoreexternal.code.tex 2010/09/01  (rcs-revision 1.17)
\pgfexternal@startupbox=\box42
))
(D:\programfiles_x86\CTEX\MiKTeX\tex\generic\pgf\basiclayer\pgfcorelayers.code.
tex
File: pgfcorelayers.code.tex 2010/08/27  (rcs-revision 1.2)
)
(D:\programfiles_x86\CTEX\MiKTeX\tex\generic\pgf\basiclayer\pgfcoretransparency
.code.tex
File: pgfcoretransparency.code.tex 2008/01/17  (rcs-revision 1.2)
)
(D:\programfiles_x86\CTEX\MiKTeX\tex\generic\pgf\basiclayer\pgfcorepatterns.cod
e.tex
File: pgfcorepatterns.code.tex 2009/07/02  (rcs-revision 1.3)
)))
(D:\programfiles_x86\CTEX\MiKTeX\tex\generic\pgf\modules\pgfmoduleshapes.code.t
ex
File: pgfmoduleshapes.code.tex 2010/09/09  (rcs-revision 1.13)
\pgfnodeparttextbox=\box43
)
(D:\programfiles_x86\CTEX\MiKTeX\tex\generic\pgf\modules\pgfmoduleplot.code.tex
File: pgfmoduleplot.code.tex 2010/10/22  (rcs-revision 1.8)
)
(D:\programfiles_x86\CTEX\MiKTeX\tex\latex\pgf\compatibility\pgfcomp-version-0-
65.sty
Package: pgfcomp-version-0-65 2007/07/03 v2.10 (rcs-revision 1.7)
\pgf@nodesepstart=\dimen265
\pgf@nodesepend=\dimen266
)
(D:\programfiles_x86\CTEX\MiKTeX\tex\latex\pgf\compatibility\pgfcomp-version-1-
18.sty
Package: pgfcomp-version-1-18 2007/07/23 v2.10 (rcs-revision 1.1)
)) (D:\programfiles_x86\CTEX\MiKTeX\tex\latex\pgf\utilities\pgffor.sty
(D:\programfiles_x86\CTEX\MiKTeX\tex\latex\pgf\utilities\pgfkeys.sty
(D:\programfiles_x86\CTEX\MiKTeX\tex\generic\pgf\utilities\pgfkeys.code.tex))
(D:\programfiles_x86\CTEX\MiKTeX\tex\generic\pgf\utilities\pgffor.code.tex
Package: pgffor 2010/03/23 v2.10 (rcs-revision 1.18)
\pgffor@iter=\dimen267
\pgffor@skip=\dimen268
\pgffor@stack=\toks51
\pgffor@toks=\toks52
))
(D:\programfiles_x86\CTEX\MiKTeX\tex\generic\pgf\frontendlayer\tikz\tikz.code.t
ex
Package: tikz 2010/10/13 v2.10 (rcs-revision 1.76)

(D:\programfiles_x86\CTEX\MiKTeX\tex\generic\pgf\libraries\pgflibraryplothandle
rs.code.tex
File: pgflibraryplothandlers.code.tex 2010/05/31 v2.10 (rcs-revision 1.15)
\pgf@plot@mark@count=\count285
\pgfplotmarksize=\dimen269
)
\tikz@lastx=\dimen270
\tikz@lasty=\dimen271
\tikz@lastxsaved=\dimen272
\tikz@lastysaved=\dimen273
\tikzleveldistance=\dimen274
\tikzsiblingdistance=\dimen275
\tikz@figbox=\box44
\tikz@tempbox=\box45
\tikztreelevel=\count286
\tikznumberofchildren=\count287
\tikznumberofcurrentchild=\count288
\tikz@fig@count=\count289

(D:\programfiles_x86\CTEX\MiKTeX\tex\generic\pgf\modules\pgfmodulematrix.code.t
ex
File: pgfmodulematrix.code.tex 2010/08/24  (rcs-revision 1.4)
\pgfmatrixcurrentrow=\count290
\pgfmatrixcurrentcolumn=\count291
\pgf@matrix@numberofcolumns=\count292
)
\tikz@expandcount=\count293

(D:\programfiles_x86\CTEX\MiKTeX\tex\generic\pgf\frontendlayer\tikz\libraries\t
ikzlibrarytopaths.code.tex
File: tikzlibrarytopaths.code.tex 2008/06/17 v2.10 (rcs-revision 1.2)
)))
(D:\programfiles_x86\CTEX\MiKTeX\tex\latex\subfig\subfig.sty
Package: subfig 2005/06/28 ver: 1.3 subfig package

(D:\programfiles_x86\CTEX\MiKTeX\tex\latex\caption\caption.sty
Package: caption 2011/11/10 v3.2e Customizing captions (AR)

(D:\programfiles_x86\CTEX\MiKTeX\tex\latex\caption\caption3.sty
Package: caption3 2011/11/01 v1.4a caption3 kernel (AR)
\captionmargin=\dimen276
\captionmargin@=\dimen277
\captionwidth=\dimen278
\caption@indent=\dimen279
\caption@parindent=\dimen280
\caption@hangindent=\dimen281
Package caption Info: Unknown document class (or package),
(caption)             standard defaults will be used.
)

Package caption Warning: Unsupported document class (or package) detected,
(caption)                usage of the caption package is not recommended.
See the caption package documentation for explanation.

Package caption Info: \@makecaption = \long macro:#1#2->\vskip \abovecaptionski
p \sbox \@tempboxa {#1\CTEX@caption@delimiter #2}\ifdim \wd \@tempboxa >\hsize 
#1\CTEX@caption@delimiter #2\par \else \global \@minipagefalse \hb@xt@ \hsize {
\hfil \box \@tempboxa \hfil }\fi \vskip \belowcaptionskip .
\c@ContinuedFloat=\count294
)
\c@KVtest=\count295
\sf@farskip=\skip66
\sf@captopadj=\dimen282
\sf@capskip=\skip67
\sf@nearskip=\skip68
\c@subfigure=\count296
\c@subfigure@save=\count297
\c@lofdepth=\count298
\c@subtable=\count299
\c@subtable@save=\count300
\c@lotdepth=\count301
\sf@top=\skip69
\sf@bottom=\skip70
) (D:\programfiles_x86\CTEX\MiKTeX\tex\latex\tabu\tabu.sty
Package: tabu 2011/02/26 v2.8 - flexible LaTeX tabulars (FC)

(D:\programfiles_x86\CTEX\MiKTeX\tex\latex\ltxmisc\varwidth.sty
Package: varwidth 2009/03/30 ver 0.92;  Variable-width minipages
\@vwid@box=\box46
\sift@deathcycles=\count302
\@vwid@loff=\dimen283
\@vwid@roff=\dimen284
)
\c@taburow=\count303
\tabu@nbcols=\count304
\tabu@cnt=\count305
\tabu@Xcol=\count306
\tabu@alloc=\count307
\tabu@nested=\count308
\tabu@target=\dimen285
\tabu@spreadtarget=\dimen286
\tabu@naturalX=\dimen287
\tabucolX=\dimen288
\tabu@Xsum=\dimen289
\extrarowdepth=\dimen290
\abovetabulinesep=\dimen291
\belowtabulinesep=\dimen292
\tabustrutrule=\dimen293
\tabu@thebody=\toks53
\tabu@footnotes=\toks54
\tabu@box=\box47
\tabu@arstrutbox=\box48
\tabu@hleads=\box49
\tabu@vleads=\box50
\tabu@cellskip=\skip71
)
(D:\programfiles_x86\CTEX\MiKTeX\tex\latex\hyperref\hyperref.sty
Package: hyperref 2012/02/06 v6.82o Hypertext links for LaTeX

(D:\programfiles_x86\CTEX\MiKTeX\tex\generic\oberdiek\hobsub-hyperref.sty
Package: hobsub-hyperref 2011/04/23 v1.4 Bundle oberdiek, subset hyperref (HO)

(D:\programfiles_x86\CTEX\MiKTeX\tex\generic\oberdiek\hobsub-generic.sty
Package: hobsub-generic 2011/04/23 v1.4 Bundle oberdiek, subset generic (HO)
Package: hobsub 2011/04/23 v1.4 Subsetting bundle oberdiek (HO)
Package hobsub Info: Skipping package `infwarerr' (already loaded).
Package hobsub Info: Skipping package `ltxcmds' (already loaded).
Package hobsub Info: Skipping package `ifluatex' (already loaded).
Package hobsub Info: Skipping package `ifvtex' (already loaded).
Package: intcalc 2007/09/27 v1.1 Expandable integer calculations (HO)
Package hobsub Info: Skipping package `ifpdf' (already loaded).
Package hobsub Info: Skipping package `etexcmds' (already loaded).
Package hobsub Info: Skipping package `kvsetkeys' (already loaded).
Package: kvdefinekeys 2011/04/07 v1.3 Defining keys (HO)
Package: pdftexcmds 2011/04/22 v0.16 Utilities of pdfTeX for LuaTeX (HO)
Package pdftexcmds Info: LuaTeX not detected.
Package pdftexcmds Info: pdfTeX >= 1.30 not detected.
Package pdftexcmds Info: \pdf@primitive is available.
Package pdftexcmds Info: \pdf@ifprimitive is available.
Package pdftexcmds Info: \pdfdraftmode not found.
Package: pdfescape 2011/04/04 v1.12 Provides string conversions (HO)
Package: bigintcalc 2011/01/30 v1.2 Expandable big integer calculations (HO)
Package: bitset 2011/01/30 v1.1 Data type bit set (HO)
Package: uniquecounter 2011/01/30 v1.2 Provides unlimited unique counter (HO)
)
Package hobsub Info: Skipping package `hobsub' (already loaded).
Package: letltxmacro 2010/09/02 v1.4 Let assignment for LaTeX macros (HO)
Package: hopatch 2011/01/30 v1.0 Wrapper for package hooks (HO)
Package: xcolor-patch 2011/01/30 xcolor patch
Package: atveryend 2011/04/23 v1.7 Hooks at very end of document (HO)
Package: atbegshi 2011/01/30 v1.15 At begin shipout hook (HO)
Package: refcount 2010/12/01 v3.2 Data extraction from references (HO)
Package: hycolor 2011/01/30 v1.7 Color options of hyperref/bookmark (HO)
)
\@linkdim=\dimen294
\Hy@linkcounter=\count309
\Hy@pagecounter=\count310

(D:\programfiles_x86\CTEX\MiKTeX\tex\latex\hyperref\pd1enc.def
File: pd1enc.def 2012/02/06 v6.82o Hyperref: PDFDocEncoding definition (HO)
)
\Hy@SavedSpaceFactor=\count311

(D:\programfiles_x86\CTEX\MiKTeX\tex\latex\00miktex\hyperref.cfg
File: hyperref.cfg 2002/06/06 v1.2 hyperref configuration of TeXLive
)
Package hyperref Info: Option `unicode' set `true' on input line 3925.

(D:\programfiles_x86\CTEX\MiKTeX\tex\latex\hyperref\puenc.def
File: puenc.def 2012/02/06 v6.82o Hyperref: PDF Unicode definition (HO)
)
Package hyperref Info: Option `colorlinks' set `true' on input line 3925.
Package hyperref Info: Hyper figures OFF on input line 4046.
Package hyperref Info: Link nesting OFF on input line 4051.
Package hyperref Info: Hyper index ON on input line 4054.
Package hyperref Info: Plain pages OFF on input line 4061.
Package hyperref Info: Backreferencing OFF on input line 4066.
Package hyperref Info: Implicit mode ON; LaTeX internals redefined.
Package hyperref Info: Bookmarks ON on input line 4284.
\c@Hy@tempcnt=\count312

(D:\programfiles_x86\CTEX\MiKTeX\tex\xelatex\xetexurl\url.sty
\Urlmuskip=\muskip11
Package: url 2004/03/15  ver 3.1  Verb mode for urls, etc.
)
LaTeX Info: Redefining \url on input line 4637.
\Fld@menulength=\count313
\Field@Width=\dimen295
\Fld@charsize=\dimen296
Package hyperref Info: Hyper figures OFF on input line 5757.
Package hyperref Info: Link nesting OFF on input line 5762.
Package hyperref Info: Hyper index ON on input line 5765.
Package hyperref Info: backreferencing OFF on input line 5772.
Package hyperref Info: Link coloring ON on input line 5775.
Package hyperref Info: Link coloring with OCG OFF on input line 5782.
Package hyperref Info: PDF/A mode OFF on input line 5787.
LaTeX Info: Redefining \ref on input line 5827.
LaTeX Info: Redefining \pageref on input line 5831.
\Hy@abspage=\count314
\c@Item=\count315
\c@Hfootnote=\count316
)

Package hyperref Message: Driver: hxetex.

(D:\programfiles_x86\CTEX\MiKTeX\tex\latex\hyperref\hxetex.def
File: hxetex.def 2012/02/06 v6.82o Hyperref driver for XeTeX

(D:\programfiles_x86\CTEX\MiKTeX\tex\generic\oberdiek\stringenc.sty
Package: stringenc 2010/03/01 v1.8 Converts strings between encodings (HO)
)
\pdfm@box=\box51
\c@Hy@AnnotLevel=\count317
\HyField@AnnotCount=\count318
\Fld@listcount=\count319
\c@bookmark@seq@number=\count320

(D:\programfiles_x86\CTEX\MiKTeX\tex\latex\oberdiek\rerunfilecheck.sty
Package: rerunfilecheck 2011/04/15 v1.7 Rerun checks for auxiliary files (HO)
Package rerunfilecheck Info: Feature \pdfmdfivesum is not available
(rerunfilecheck)             (e.g. pdfTeX or LuaTeX with package `pdftexcmds').

(rerunfilecheck)             Therefore file contents cannot be checked efficien
tly
(rerunfilecheck)             and the loading of the package is aborted.
)
\Hy@SectionHShift=\skip72
)
No file sduthesis-demo.aux.
LaTeX Font Info:    Checking defaults for OML/cmm/m/it on input line 52.
LaTeX Font Info:    ... okay on input line 52.
LaTeX Font Info:    Checking defaults for T1/cmr/m/n on input line 52.
LaTeX Font Info:    ... okay on input line 52.
LaTeX Font Info:    Checking defaults for OT1/cmr/m/n on input line 52.
LaTeX Font Info:    ... okay on input line 52.
LaTeX Font Info:    Checking defaults for OMS/cmsy/m/n on input line 52.
LaTeX Font Info:    ... okay on input line 52.
LaTeX Font Info:    Checking defaults for OMX/cmex/m/n on input line 52.
LaTeX Font Info:    ... okay on input line 52.
LaTeX Font Info:    Checking defaults for U/cmr/m/n on input line 52.
LaTeX Font Info:    ... okay on input line 52.
LaTeX Font Info:    Checking defaults for TS1/cmr/m/n on input line 52.
LaTeX Font Info:    ... okay on input line 52.
LaTeX Font Info:    Checking defaults for EU1/lmr/m/n on input line 52.
LaTeX Font Info:    ... okay on input line 52.
LaTeX Font Info:    Checking defaults for T3/cmr/m/n on input line 52.
LaTeX Font Info:    Try loading font information for T3+cmr on input line 52.
(D:\programfiles_x86\CTEX\MiKTeX\tex\latex\tipa\t3cmr.fd
File: t3cmr.fd 2001/12/31 TIPA font definitions
)
LaTeX Font Info:    ... okay on input line 52.
LaTeX Font Info:    Checking defaults for PD1/pdf/m/n on input line 52.
LaTeX Font Info:    ... okay on input line 52.
LaTeX Font Info:    Checking defaults for PU/pdf/m/n on input line 52.
LaTeX Font Info:    ... okay on input line 52.
.................................................
. fontspec info: "setup-math"
. 
. Adjusting the maths setup (use [no-math] to avoid this).
.................................................
\symlegacymaths=\mathgroup10
LaTeX Font Info:    Overwriting symbol font `legacymaths' in version `bold'
(Font)                  OT1/cmr/m/n --> OT1/cmr/bx/n on input line 52.
LaTeX Font Info:    Redeclaring math accent \acute on input line 52.
LaTeX Font Info:    Redeclaring math accent \grave on input line 52.
LaTeX Font Info:    Redeclaring math accent \ddot on input line 52.
LaTeX Font Info:    Redeclaring math accent \tilde on input line 52.
LaTeX Font Info:    Redeclaring math accent \bar on input line 52.
LaTeX Font Info:    Redeclaring math accent \breve on input line 52.
LaTeX Font Info:    Redeclaring math accent \check on input line 52.
LaTeX Font Info:    Redeclaring math accent \hat on input line 52.
LaTeX Font Info:    Redeclaring math accent \dot on input line 52.
LaTeX Font Info:    Redeclaring math accent \mathring on input line 52.
LaTeX Font Info:    Redeclaring math symbol \Gamma on input line 52.
LaTeX Font Info:    Redeclaring math symbol \Delta on input line 52.
LaTeX Font Info:    Redeclaring math symbol \Theta on input line 52.
LaTeX Font Info:    Redeclaring math symbol \Lambda on input line 52.
LaTeX Font Info:    Redeclaring math symbol \Xi on input line 52.
LaTeX Font Info:    Redeclaring math symbol \Pi on input line 52.
LaTeX Font Info:    Redeclaring math symbol \Sigma on input line 52.
LaTeX Font Info:    Redeclaring math symbol \Upsilon on input line 52.
LaTeX Font Info:    Redeclaring math symbol \Phi on input line 52.
LaTeX Font Info:    Redeclaring math symbol \Psi on input line 52.
LaTeX Font Info:    Redeclaring math symbol \Omega on input line 52.
LaTeX Font Info:    Redeclaring math symbol \mathdollar on input line 52.
LaTeX Font Info:    Redeclaring symbol font `operators' on input line 52.
LaTeX Font Info:    Encoding `OT1' has changed to `EU1' for symbol font
(Font)              `operators' in the math version `normal' on input line 52.
LaTeX Font Info:    Overwriting symbol font `operators' in version `normal'
(Font)                  OT1/cmr/m/n --> EU1/TimesNewRoman(0)/m/n on input line 
52.
LaTeX Font Info:    Encoding `OT1' has changed to `EU1' for symbol font
(Font)              `operators' in the math version `bold' on input line 52.
LaTeX Font Info:    Overwriting symbol font `operators' in version `bold'
(Font)                  OT1/cmr/bx/n --> EU1/TimesNewRoman(0)/m/n on input line
 52.
LaTeX Font Info:    Overwriting symbol font `operators' in version `normal'
(Font)                  EU1/TimesNewRoman(0)/m/n --> EU1/TimesNewRoman(0)/m/n o
n input line 52.
LaTeX Font Info:    Overwriting math alphabet `\mathrm' in version `normal'
(Font)                  EU1/TimesNewRoman(0)/m/n --> EU1/TimesNewRoman(0)/m/n o
n input line 52.
LaTeX Font Info:    Overwriting math alphabet `\mathit' in version `normal'
(Font)                  OT1/cmr/m/it --> EU1/TimesNewRoman(0)/m/it on input lin
e 52.
LaTeX Font Info:    Overwriting math alphabet `\mathbf' in version `normal'
(Font)                  OT1/cmr/bx/n --> EU1/TimesNewRoman(0)/bx/n on input lin
e 52.
LaTeX Font Info:    Overwriting math alphabet `\mathsf' in version `normal'
(Font)                  OT1/cmss/m/n --> EU1/lmss/m/n on input line 52.
LaTeX Font Info:    Overwriting math alphabet `\mathtt' in version `normal'
(Font)                  OT1/cmtt/m/n --> EU1/lmtt/m/n on input line 52.
LaTeX Font Info:    Overwriting symbol font `operators' in version `bold'
(Font)                  EU1/TimesNewRoman(0)/m/n --> EU1/TimesNewRoman(0)/bx/n 
on input line 52.
LaTeX Font Info:    Overwriting math alphabet `\mathrm' in version `bold'
(Font)                  EU1/TimesNewRoman(0)/m/n --> EU1/TimesNewRoman(0)/bx/n 
on input line 52.
LaTeX Font Info:    Overwriting math alphabet `\mathit' in version `bold'
(Font)                  OT1/cmr/bx/it --> EU1/TimesNewRoman(0)/bx/it on input l
ine 52.
LaTeX Font Info:    Overwriting math alphabet `\mathsf' in version `bold'
(Font)                  OT1/cmss/bx/n --> EU1/lmss/bx/n on input line 52.
LaTeX Font Info:    Overwriting math alphabet `\mathtt' in version `bold'
(Font)                  OT1/cmtt/m/n --> EU1/lmtt/bx/n on input line 52.

*geometry* detected driver: pdftex
*geometry* verbose mode - [ preamble ] result:
* driver: pdftex
* paper: <default>
* layout: <same size as paper>
* layoutoffset:(h,v)=(0.0pt,0.0pt)
* modes: twoside 
* h-part:(L,W,R)=(71.13188pt, 441.01773pt, 85.35826pt)
* v-part:(T,H,B)=(85.35826pt, 674.33032pt, 85.35826pt)
* \paperwidth=597.50787pt
* \paperheight=845.04684pt
* \textwidth=441.01773pt
* \textheight=674.33032pt
* \oddsidemargin=-1.1381pt
* \evensidemargin=13.08827pt
* \topmargin=-18.78552pt
* \headheight=12.0pt
* \headsep=19.8738pt
* \topskip=12.0pt
* \footskip=30.0pt
* \marginparwidth=88.0pt
* \marginparsep=7.0pt
* \columnsep=10.0pt
* \skip\footins=10.8pt plus 4.0pt minus 2.0pt
* \hoffset=0.0pt
* \voffset=0.0pt
* \mag=1000
* \@twocolumnfalse
* \@twosidetrue
* \@mparswitchtrue
* \@reversemarginfalse
* (1in=72.27pt=25.4mm, 1cm=28.453pt)

Package hyperref Info: Option `colorlinks' set `true' on input line 52.
ABD: EveryShipout initializing macros
Package caption Info: Begin \AtBeginDocument code.
Package caption Info: subfig package v1.3 is loaded.
Package caption Info: hyperref package is loaded.
Package caption Info: End \AtBeginDocument code.
\AtBeginShipoutBox=\box52
Package hyperref Info: Link coloring ON on input line 52.

(D:\programfiles_x86\CTEX\MiKTeX\tex\latex\hyperref\nameref.sty
Package: nameref 2010/04/30 v2.40 Cross-referencing by name of section

(D:\programfiles_x86\CTEX\MiKTeX\tex\generic\oberdiek\gettitlestring.sty
Package: gettitlestring 2010/12/03 v1.4 Cleanup title references (HO)
)
\c@section@level=\count321
)
LaTeX Info: Redefining \ref on input line 52.
LaTeX Info: Redefining \pageref on input line 52.
LaTeX Info: Redefining \nameref on input line 52.
\@outlinefile=\write4


Package hyperref Warning: Rerun to get /PageLabels entry.

File: figures/sdu_logo.png Graphic file (type QTm)
<use  "figures/sdu_logo.png" >
Requested font "Times New Roman/ICU:script=latn;language=DFLT;mapping=tex-text;
" at 7.53pt
 -> C:/Windows/Fonts/times.ttf
Requested font "STXinwei" at 7.53pt
 -> C:/Windows/Fonts/STXINWEI.TTF
Requested font "STXinwei/ICU" at 7.53pt
 -> C:/Windows/Fonts/STXINWEI.TTF
.................................................
. fontspec info: "no-scripts"
. 
. Font STXinwei does not contain any OpenType `Script' information.
.................................................
\g_fontspec_family_STXinwei_int=\count322
Requested font "STXinwei/I/ICU" at 7.53pt
 -> C:/Windows/Fonts/STXINWEI.TTF
.................................................
. fontspec info: "no-font-shape"
. 
. Could not resolve font STXinwei/I (it probably doesn't exist).
.................................................
Requested font "STXinwei/I/ICU" at 7.53pt
 -> C:/Windows/Fonts/STXINWEI.TTF
.................................................
. fontspec info: "no-font-shape"
. 
. Could not resolve font STXinwei/I (it probably doesn't exist).
.................................................
.................................................
. fontspec info: "defining-font"
. 
. Font family 'STXinwei(0)' created for font 'STXinwei' with options
. [Ligatures=TeX,BoldFont={STXinwei},BoldFeatures={RawFeature={embolden=4}}].
. 
. This font family consists of the following shapes:
. 
. * 'normal' with NFSS spec.:
. <->"STXinwei/ICU:mapping=tex-text;"
. 
. * 'bold' with NFSS spec.:
. <->"STXinwei/ICU:mapping=tex-text;embolden=4;"
.................................................
Requested font "STXinwei/ICU:mapping=tex-text;" at 7.53pt
 -> C:/Windows/Fonts/STXINWEI.TTF
Requested font "Times New Roman/ICU:script=latn;language=DFLT;mapping=tex-text;
" at 8.0pt
 -> C:/Windows/Fonts/times.ttf
Requested font "Times New Roman/ICU:script=latn;language=DFLT;mapping=tex-text;
" at 6.0pt
 -> C:/Windows/Fonts/times.ttf
Requested font "cmmi12" at 12.05pt
 -> cmmi12
Requested font "cmmi8" at 8.0pt
 -> cmmi8
Requested font "cmmi6" at 6.0pt
 -> cmmi6
Requested font "cmsy10" at 12.05pt
 -> cmsy10
Requested font "cmsy8" at 8.0pt
 -> cmsy8
Requested font "cmsy6" at 6.0pt
 -> cmsy6
Requested font "cmex10" at 12.05pt
 -> cmex10
Requested font "cmex8" at 8.0pt
 -> cmex8
Requested font "cmex7" at 6.0pt
 -> cmex7
LaTeX Font Info:    Try loading font information for U+msa on input line 53.

(D:\programfiles_x86\CTEX\MiKTeX\tex\latex\amsfonts\umsa.fd
File: umsa.fd 2009/06/22 v3.00 AMS symbols A
)
Requested font "msam10" at 12.05pt
 -> msam10
Requested font "msam10" at 8.0pt
 -> msam10
Requested font "msam7" at 6.0pt
 -> msam7
LaTeX Font Info:    Try loading font information for U+msb on input line 53.

(D:\programfiles_x86\CTEX\MiKTeX\tex\latex\amsfonts\umsb.fd
File: umsb.fd 2009/06/22 v3.00 AMS symbols B
)
Requested font "msbm10" at 12.05pt
 -> msbm10
Requested font "msbm10" at 8.0pt
 -> msbm10
Requested font "msbm7" at 6.0pt
 -> msbm7
Requested font "cmbx12" at 12.05pt
 -> cmbx12
Requested font "cmbx8" at 8.0pt
 -> cmbx8
Requested font "cmbx6" at 6.0pt
 -> cmbx6
Requested font "cmmib10" at 12.05pt
 -> cmmib10
Requested font "cmmib10" at 8.0pt
 -> cmmib10
Requested font "cmmib7" at 6.0pt
 -> cmmib7
Requested font "cmbsy10" at 12.05pt
 -> cmbsy10
Requested font "cmbsy10" at 8.0pt
 -> cmbsy10
Requested font "cmbsy7" at 6.0pt
 -> cmbsy7
LaTeX Font Info:    Try loading font information for U+rsfs on input line 53.

(D:\programfiles_x86\CTEX\MiKTeX\tex\latex\jknappen\ursfs.fd
File: ursfs.fd 1998/03/24 rsfs font definition file (jk)
)
Requested font "rsfs10" at 12.0pt
 -> rsfs10
Requested font "rsfs10" at 8.0pt
 -> rsfs10
Requested font "rsfs5" at 6.0pt
 -> rsfs5
Requested font "cmr12" at 12.05pt
 -> cmr12
Requested font "cmr8" at 8.0pt
 -> cmr8
Requested font "cmr6" at 6.0pt
 -> cmr6
Requested font "Times New Roman/ICU:script=latn;language=DFLT;mapping=tex-text;
" at 14.05pt
 -> C:/Windows/Fonts/times.ttf
Requested font "FZDaHei-B02S" at 14.05pt
 -> C:/Windows/Fonts/FZDHTJW.TTF
Requested font "FZDaHei-B02S/ICU" at 14.05pt
 -> C:/Windows/Fonts/FZDHTJW.TTF
.................................................
. fontspec info: "no-scripts"
. 
. Font FZDaHei-B02S does not contain any OpenType `Script' information.
.................................................
\g_fontspec_family_FZDaHei-B02S_int=\count323
Requested font "FZDaHei-B02S/I/ICU" at 14.05pt
 -> C:/Windows/Fonts/FZDHTJW.TTF
.................................................
. fontspec info: "no-font-shape"
. 
. Could not resolve font FZDaHei-B02S/I (it probably doesn't exist).
.................................................
Requested font "FZDaHei-B02S/I/ICU" at 14.05pt
 -> C:/Windows/Fonts/FZDHTJW.TTF
.................................................
. fontspec info: "no-font-shape"
. 
. Could not resolve font FZDaHei-B02S/I (it probably doesn't exist).
.................................................
.................................................
. fontspec info: "defining-font"
. 
. Font family 'FZDaHei-B02S(0)' created for font 'FZDaHei-B02S' with options
. [Ligatures=TeX,BoldFont={FZDaHei-B02S},BoldFeatures={RawFeature={embolden=4}}
].
. 
. This font family consists of the following shapes:
. 
. * 'normal' with NFSS spec.:
. <->"FZDaHei-B02S/ICU:mapping=tex-text;"
. 
. * 'bold' with NFSS spec.:
. <->"FZDaHei-B02S/ICU:mapping=tex-text;embolden=4;"
.................................................
Requested font "FZDaHei-B02S/ICU:mapping=tex-text;" at 14.05pt
 -> C:/Windows/Fonts/FZDHTJW.TTF
Requested font "Times New Roman/ICU:script=latn;language=DFLT;mapping=tex-text;
" at 16.06pt
 -> C:/Windows/Fonts/times.ttf
Requested font "SimHei" at 16.06pt
 -> C:/Windows/Fonts/simhei.ttf
Requested font "SimHei/ICU" at 16.06pt
 -> C:/Windows/Fonts/simhei.ttf
\g_fontspec_family_SimHei_int=\count324
Requested font "SimHei/I/ICU" at 16.06pt
 -> C:/Windows/Fonts/simhei.ttf
.................................................
. fontspec info: "no-font-shape"
. 
. Could not resolve font SimHei/I (it probably doesn't exist).
.................................................
Requested font "SimHei/I/ICU" at 16.06pt
 -> C:/Windows/Fonts/simhei.ttf
.................................................
. fontspec info: "no-font-shape"
. 
. Could not resolve font SimHei/I (it probably doesn't exist).
.................................................
.................................................
. fontspec info: "defining-font"
. 
. Font family 'SimHei(0)' created for font 'SimHei' with options
. [Ligatures=TeX,BoldFont={SimHei},BoldFeatures={RawFeature={embolden=4}}].
. 
. This font family consists of the following shapes:
. 
. * 'normal' with NFSS spec.:
. <->"SimHei/ICU:script=latn;language=DFLT;mapping=tex-text;"
. 
. * 'bold' with NFSS spec.:
. <->"SimHei/ICU:script=latn;language=DFLT;mapping=tex-text;embolden=4;"
.................................................
Requested font "SimHei/ICU:script=latn;language=DFLT;mapping=tex-text;" at 16.0
6pt
 -> C:/Windows/Fonts/simhei.ttf
Requested font "Times New Roman/ICU:script=latn;language=DFLT;mapping=tex-text;
" at 10.54pt
 -> C:/Windows/Fonts/times.ttf
Requested font "cmmi12" at 16.06pt
 -> cmmi12
Requested font "cmmi12" at 14.05pt
 -> cmmi12
Requested font "cmmi10" at 10.54pt
 -> cmmi10
Requested font "cmsy10" at 16.06pt
 -> cmsy10
Requested font "cmsy10" at 14.05pt
 -> cmsy10
Requested font "cmsy10" at 10.54pt
 -> cmsy10
Requested font "cmex10" at 16.06pt
 -> cmex10
Requested font "cmex10" at 14.05pt
 -> cmex10
Requested font "cmex10" at 10.54pt
 -> cmex10
Requested font "msam10" at 16.06pt
 -> msam10
Requested font "msam10" at 14.05pt
 -> msam10
Requested font "msam10" at 10.54pt
 -> msam10
Requested font "msbm10" at 16.06pt
 -> msbm10
Requested font "msbm10" at 14.05pt
 -> msbm10
Requested font "msbm10" at 10.54pt
 -> msbm10
Requested font "cmbx12" at 16.06pt
 -> cmbx12
Requested font "cmbx12" at 14.05pt
 -> cmbx12
Requested font "cmbx10" at 10.54pt
 -> cmbx10
Requested font "cmmib10" at 16.06pt
 -> cmmib10
Requested font "cmmib10" at 14.05pt
 -> cmmib10
Requested font "cmmib10" at 10.54pt
 -> cmmib10
Requested font "cmbsy10" at 16.06pt
 -> cmbsy10
Requested font "cmbsy10" at 14.05pt
 -> cmbsy10
Requested font "cmbsy10" at 10.54pt
 -> cmbsy10


LaTeX Font Warning: Font shape `U/rsfs/m/n' in size <16.06> not available
(Font)              size <17.28> substituted on input line 53.

Requested font "rsfs10" at 17.28pt
 -> rsfs10
Requested font "rsfs10" at 14.4pt
 -> rsfs10

LaTeX Font Warning: Font shape `U/rsfs/m/n' in size <10.54> not available
(Font)              size <10.95> substituted on input line 53.

Requested font "rsfs10" at 10.95pt
 -> rsfs10
Requested font "cmr12" at 16.06pt
 -> cmr12
Requested font "cmr12" at 14.05pt
 -> cmr12
Requested font "cmr10" at 10.54pt
 -> cmr10
Requested font "FZCuSong-B09S" at 16.06pt
 -> C:/Windows/Fonts/FZCSJW.TTF
Requested font "FZCuSong-B09S/ICU" at 16.06pt
 -> C:/Windows/Fonts/FZCSJW.TTF
.................................................
. fontspec info: "no-scripts"
. 
. Font FZCuSong-B09S does not contain any OpenType `Script' information.
.................................................
\g_fontspec_family_FZCuSong-B09S_int=\count325
Requested font "FZCuSong-B09S/I/ICU" at 16.06pt
 -> C:/Windows/Fonts/FZCSJW.TTF
.................................................
. fontspec info: "no-font-shape"
. 
. Could not resolve font FZCuSong-B09S/I (it probably doesn't exist).
.................................................
Requested font "FZCuSong-B09S/I/ICU" at 16.06pt
 -> C:/Windows/Fonts/FZCSJW.TTF
.................................................
. fontspec info: "no-font-shape"
. 
. Could not resolve font FZCuSong-B09S/I (it probably doesn't exist).
.................................................
.................................................
. fontspec info: "defining-font"
. 
. Font family 'FZCuSong-B09S(0)' created for font 'FZCuSong-B09S' with options
. [Ligatures=TeX,BoldFont={FZCuSong-B09S},BoldFeatures={RawFeature={embolden=4}
}].
. 
. This font family consists of the following shapes:
. 
. * 'normal' with NFSS spec.:
. <->"FZCuSong-B09S/ICU:mapping=tex-text;"
. 
. * 'bold' with NFSS spec.:
. <->"FZCuSong-B09S/ICU:mapping=tex-text;embolden=4;"
.................................................
Requested font "FZCuSong-B09S/ICU:mapping=tex-text;" at 16.06pt
 -> C:/Windows/Fonts/FZCSJW.TTF

Underfull \hbox (badness 10000) detected at line 53
\xeCJK@fzchs/m/n/16.06 姓 名\EU1/TimesNewRoman(0)/m/n/16.06 :
 []

Requested font "[SIMKAI.TTF]" at 14.05pt
 -> C:/Windows/Fonts/SIMKAI.TTF
Requested font "[SIMKAI.TTF]/ICU" at 14.05pt
 -> C:/Windows/Fonts/SIMKAI.TTF
.................................................
. fontspec info: "no-scripts"
. 
. Font [SIMKAI.TTF] does not contain any OpenType `Script' information.
.................................................
\g_fontspec_family_[SIMKAI.TTF]_int=\count326
Requested font "[SIMKAI.TTF]/I/ICU" at 14.05pt
 -> C:/Windows/Fonts/SIMKAI.TTF
Requested font "[SIMKAI.TTF]/I/I/ICU" at 14.05pt
 -> C:/Windows/Fonts/SIMKAI.TTF
.................................................
. fontspec info: "defining-font"
. 
. Font family '[SIMKAI.TTF](0)' created for font '[SIMKAI.TTF]' with options
. [Ligatures=TeX,BoldFont={[SIMKAI.TTF]},BoldFeatures={RawFeature={embolden=4}}
].
. 
. This font family consists of the following shapes:
. 
. * 'normal' with NFSS spec.:
. <->"[SIMKAI.TTF]/ICU:mapping=tex-text;"
. 
. * 'bold' with NFSS spec.:
. <->"[SIMKAI.TTF]/ICU:mapping=tex-text;embolden=4;"
. 
. * 'italic' with NFSS spec.:
. <->"[SIMKAI.TTF]/I/ICU:mapping=tex-text;"
. 
. * 'bold italic' with NFSS spec.:
. <->"[SIMKAI.TTF]/I/ICU:mapping=tex-text;"
.................................................
Requested font "[SIMKAI.TTF]/ICU:mapping=tex-text;" at 14.05pt
 -> C:/Windows/Fonts/SIMKAI.TTF

Underfull \hbox (badness 10000) detected at line 53
\xeCJK@fzchs/m/n/16.06 学 号\EU1/TimesNewRoman(0)/m/n/16.06 :
 []


Underfull \hbox (badness 10000) detected at line 53
\xeCJK@fzchs/m/n/16.06 学 院\EU1/TimesNewRoman(0)/m/n/16.06 :
 []


Underfull \hbox (badness 10000) detected at line 53
\xeCJK@fzchs/m/n/16.06 专 业\EU1/TimesNewRoman(0)/m/n/16.06 :
 []


Underfull \hbox (badness 10000) detected at line 53
\xeCJK@fzchs/m/n/16.06 年 级\EU1/TimesNewRoman(0)/m/n/16.06 :
 []


Overfull \hbox (3.26054pt too wide) detected at line 53
\xeCJK@fzchs/m/n/16.06 指 导 老 师\EU1/TimesNewRoman(0)/m/n/16.06 :
 []

Requested font "FZDaHei-B02S" at 16.06pt
 -> C:/Windows/Fonts/FZDHTJW.TTF
Requested font "FZDaHei-B02S/ICU" at 16.06pt
 -> C:/Windows/Fonts/FZDHTJW.TTF
.................................................
. fontspec info: "no-scripts"
. 
. Font FZDaHei-B02S does not contain any OpenType `Script' information.
.................................................
.................................................
. fontspec info: "defining-font"
. 
. Font family 'FZDaHei-B02S(0)' created for font 'FZDaHei-B02S' with options
. [Ligatures=TeX,BoldFont={FZDaHei-B02S},BoldFeatures={RawFeature={embolden=4}}
].
. 
. This font family consists of the following shapes:
.................................................
Requested font "FZDaHei-B02S/ICU:mapping=tex-text;" at 16.06pt
 -> C:/Windows/Fonts/FZDHTJW.TTF
[1

] [2

]
Requested font "Times New Roman/ICU:script=latn;language=DFLT;mapping=tex-text;
" at 15.06pt
 -> C:/Windows/Fonts/times.ttf
Requested font "Times New Roman/B/ICU:script=latn;language=DFLT;mapping=tex-tex
t;" at 15.06pt
 -> C:/Windows/Fonts/timesbd.ttf
Requested font "SimSun" at 15.06pt
 -> D:/programfiles_x86/CTEX/CTeX/fonts/truetype/chinese/simsun.ttf
Requested font "SimSun/ICU" at 15.06pt
 -> D:/programfiles_x86/CTEX/CTeX/fonts/truetype/chinese/simsun.ttf
\g_fontspec_family_SimSun_int=\count327
Requested font "SimHei/ICU" at 15.06pt
 -> C:/Windows/Fonts/simhei.ttf
Requested font "[SIMKAI.TTF]/ICU" at 15.06pt
 -> C:/Windows/Fonts/SIMKAI.TTF
Requested font "SimHei/I/ICU" at 15.06pt
 -> C:/Windows/Fonts/simhei.ttf
.................................................
. fontspec info: "no-font-shape"
. 
. Could not resolve font SimHei/I (it probably doesn't exist).
.................................................
.................................................
. fontspec info: "defining-font"
. 
. Font family 'SimSun(0)' created for font 'SimSun' with options
. [Ligatures=TeX,BoldFont={SimHei},ItalicFont={[SIMKAI.TTF]}].
. 
. This font family consists of the following shapes:
. 
. * 'normal' with NFSS spec.:
. <->"SimSun/ICU:script=latn;language=DFLT;mapping=tex-text;"
. 
. * 'bold' with NFSS spec.:
. <->"SimHei/ICU:script=latn;language=DFLT;mapping=tex-text;"
. 
. * 'italic' with NFSS spec.:
. <->"[SIMKAI.TTF]/ICU:script=latn;language=DFLT;mapping=tex-text;"
.................................................
Requested font "SimHei/ICU:script=latn;language=DFLT;mapping=tex-text;" at 15.0
6pt
 -> C:/Windows/Fonts/simhei.ttf
Requested font "SimSun" at 12.05pt
 -> D:/programfiles_x86/CTEX/CTeX/fonts/truetype/chinese/simsun.ttf
Requested font "SimSun/ICU" at 12.05pt
 -> D:/programfiles_x86/CTEX/CTeX/fonts/truetype/chinese/simsun.ttf
.................................................
. fontspec info: "defining-font"
. 
. Font family 'SimSun(0)' created for font 'SimSun' with options
. [Ligatures=TeX,BoldFont={SimHei},ItalicFont={[SIMKAI.TTF]}].
. 
. This font family consists of the following shapes:
.................................................
Requested font "SimSun/ICU:script=latn;language=DFLT;mapping=tex-text;" at 12.0
5pt
 -> D:/programfiles_x86/CTEX/CTeX/fonts/truetype/chinese/simsun.ttf
Requested font "Times New Roman/B/ICU:script=latn;language=DFLT;mapping=tex-tex
t;" at 12.05pt
 -> C:/Windows/Fonts/timesbd.ttf
.................................................
. fontspec info: "defining-font"
. 
. Font family 'SimSun(0)' created for font 'SimSun' with options
. [Ligatures=TeX,BoldFont={SimHei},ItalicFont={[SIMKAI.TTF]}].
. 
. This font family consists of the following shapes:
.................................................
Requested font "SimHei/ICU:script=latn;language=DFLT;mapping=tex-text;" at 12.0
5pt
 -> C:/Windows/Fonts/simhei.ttf


Package Fancyhdr Warning: \headheight is too small (12.0pt): 
 Make it at least 17.34998pt.
 We now make it that large for the rest of the document.
 This may cause the page layout to be inconsistent, however.

[1

]
Requested font "Times New Roman/ICU:script=latn;language=DFLT;mapping=tex-text;
" at 9.03pt
 -> C:/Windows/Fonts/times.ttf
Requested font "SimSun" at 9.03pt
 -> D:/programfiles_x86/CTEX/CTeX/fonts/truetype/chinese/simsun.ttf
Requested font "SimSun/ICU" at 9.03pt
 -> D:/programfiles_x86/CTEX/CTeX/fonts/truetype/chinese/simsun.ttf
.................................................
. fontspec info: "defining-font"
. 
. Font family 'SimSun(0)' created for font 'SimSun' with options
. [Ligatures=TeX,BoldFont={SimHei},ItalicFont={[SIMKAI.TTF]}].
. 
. This font family consists of the following shapes:
.................................................
Requested font "SimSun/ICU:script=latn;language=DFLT;mapping=tex-text;" at 9.03
pt
 -> D:/programfiles_x86/CTEX/CTeX/fonts/truetype/chinese/simsun.ttf
 [2

]
Requested font "Times New Roman/B/ICU:script=latn;language=DFLT;mapping=tex-tex
t;" at 16.06pt
 -> C:/Windows/Fonts/timesbd.ttf
Requested font "SimSun" at 16.06pt
 -> D:/programfiles_x86/CTEX/CTeX/fonts/truetype/chinese/simsun.ttf
Requested font "SimSun/ICU" at 16.06pt
 -> D:/programfiles_x86/CTEX/CTeX/fonts/truetype/chinese/simsun.ttf
.................................................
. fontspec info: "defining-font"
. 
. Font family 'SimSun(0)' created for font 'SimSun' with options
. [Ligatures=TeX,BoldFont={SimHei},ItalicFont={[SIMKAI.TTF]}].
. 
. This font family consists of the following shapes:
.................................................
\tf@toc=\write5
 [3


] [4

]
第一\ignorespaces 章
[1


]
第二\ignorespaces 章

Underfull \vbox (badness 10000) has occurred while \output is active []

 [2

]
Underfull \vbox (badness 10000) has occurred while \output is active []

 [3]
Underfull \vbox (badness 10000) has occurred while \output is active []

 [4]
Underfull \vbox (badness 10000) has occurred while \output is active []

 [5]
Underfull \vbox (badness 10000) has occurred while \output is active []

 [6]
[7]
第三\ignorespaces 章
Requested font "Times New Roman/B/ICU:script=latn;language=DFLT;mapping=tex-tex
t;" at 14.05pt
 -> C:/Windows/Fonts/timesbd.ttf
Requested font "cmmi7" at 7.53pt
 -> cmmi7
Requested font "cmsy7" at 7.53pt
 -> cmsy7
Requested font "cmex8" at 7.53pt
 -> cmex8
Requested font "msam7" at 7.53pt
 -> msam7
Requested font "msbm7" at 7.53pt
 -> msbm7
Requested font "cmbx7" at 7.53pt
 -> cmbx7
Requested font "cmmib7" at 7.53pt
 -> cmmib7
Requested font "cmbsy7" at 7.53pt
 -> cmbsy7

LaTeX Font Warning: Font shape `U/rsfs/m/n' in size <7.53> not available
(Font)              size <8> substituted on input line 106.

Requested font "cmr7" at 7.53pt
 -> cmr7
Requested font "SimSun" at 14.05pt
 -> D:/programfiles_x86/CTEX/CTeX/fonts/truetype/chinese/simsun.ttf
Requested font "SimSun/ICU" at 14.05pt
 -> D:/programfiles_x86/CTEX/CTeX/fonts/truetype/chinese/simsun.ttf
.................................................
. fontspec info: "defining-font"
. 
. Font family 'SimSun(0)' created for font 'SimSun' with options
. [Ligatures=TeX,BoldFont={SimHei},ItalicFont={[SIMKAI.TTF]}].
. 
. This font family consists of the following shapes:
.................................................
Requested font "SimHei/ICU:script=latn;language=DFLT;mapping=tex-text;" at 14.0
5pt
 -> C:/Windows/Fonts/simhei.ttf
File: figures/sduthesis-zhixinlou.jpg Graphic file (type QTm)
<use  "figures/sduthesis-zhixinlou.jpg" > [8

] [9] [10] [11]

LaTeX Warning: Reference `tab:debunk' on page 12 undefined on input line 245.

[12]
Requested font "Times New Roman/B/ICU:script=latn;language=DFLT;mapping=tex-tex
t;" at 8.0pt
 -> C:/Windows/Fonts/timesbd.ttf


LaTeX Warning: Citation `liu' on page 13 undefined on input line 268.


LaTeX Warning: Citation `DBLP:journals/sac/Braak06' on page 13 undefined on inp
ut line 270.

Requested font "Times New Roman/ICU:script=latn;language=DFLT;mapping=tex-text;
" at 5.0pt
 -> C:/Windows/Fonts/times.ttf
Requested font "cmmi9" at 9.03pt
 -> cmmi9
Requested font "cmsy9" at 9.03pt
 -> cmsy9
Requested font "cmex9" at 9.03pt
 -> cmex9
Requested font "cmex7" at 5.0pt
 -> cmex7
Requested font "msam10" at 9.03pt
 -> msam10
Requested font "msam5" at 5.0pt
 -> msam5
Requested font "msbm10" at 9.03pt
 -> msbm10
Requested font "msbm5" at 5.0pt
 -> msbm5
Requested font "cmbx9" at 9.03pt
 -> cmbx9
Requested font "cmbx5" at 5.0pt
 -> cmbx5
Requested font "cmmib10" at 9.03pt
 -> cmmib10
Requested font "cmmib5" at 5.0pt
 -> cmmib5
Requested font "cmbsy10" at 9.03pt
 -> cmbsy10
Requested font "cmbsy5" at 5.0pt
 -> cmbsy5
Requested font "rsfs10" at 9.0pt
 -> rsfs10
Requested font "rsfs5" at 5.0pt
 -> rsfs5
Requested font "cmr9" at 9.03pt
 -> cmr9
LaTeX Font Info:    Try loading font information for EU1+lmtt on input line 275
.
(D:\programfiles_x86\CTEX\MiKTeX\tex\latex\euenc\eu1lmtt.fd
File: eu1lmtt.fd 2009/10/30 v1.6 Font defs for Latin Modern
)
Requested font "[lmmono12-regular]" at 12.05pt
 -> D:/programfiles_x86/CTEX/MiKTeX/fonts/opentype/public/lm/lmmono12-regular.o
tf
 [13

]
第四\ignorespaces 章

LaTeX Warning: Reference `fig:zhixinlou' on page 14 undefined on input line 304
.


LaTeX Warning: Reference `fig:xianzhidadao' on page 14 undefined on input line 
304.


LaTeX Warning: Reference `fig:hongloujiaotang' on page 14 undefined on input li
ne 304.

File: figures/sduthesis-zhixinlou.jpg Graphic file (type QTm)
<use  "figures/sduthesis-zhixinlou.jpg" >
File: figures/sduthesis-xianzhidadao.jpg Graphic file (type QTm)

<use  "figures/sduthesis-xianzhidadao.jpg" >
File: figures/sduthesis-hongloujiaotang.jpg Graphic file (type QTm)

<use  "figures/sduthesis-hongloujiaotang.jpg" >
File: figures/sduthesis-baotuquan.jpg Graphic file (type QTm)

<use  "figures/sduthesis-baotuquan.jpg" >
File: figures/sduthesis-ruanjianyuan.jpg Graphic file (type QTm)

<use  "figures/sduthesis-ruanjianyuan.jpg" > [14

] [15]
附录\nobreakspace {}A
[16

] [17] [18] [19]
No file sduthesis-demo.bbl.
Package atveryend Info: Empty hook `BeforeClearDocument' on input line 396.
[20

]
Package atveryend Info: Empty hook `AfterLastShipout' on input line 396.
 (D:\学习\学习\3大四下学期\毕业论文撰写\usca_sdu_latex\sdu_wh_la
tex\sduthesis-demo.aux)
Package atveryend Info: Empty hook `AtVeryEndDocument' on input line 396.
Package atveryend Info: Empty hook `AtEndAfterFileList' on input line 396.


LaTeX Font Warning: Size substitutions with differences
(Font)              up to 1.22pt have occurred.


LaTeX Warning: There were undefined references.


LaTeX Warning: Label(s) may have changed. Rerun to get cross-references right.

 ) 
Here is how much of TeX's memory you used:
 32323 strings out of 430478
 616220 string characters out of 3191077
 666084 words of memory out of 3000000
 34852 multiletter control sequences out of 15000+200000
 27081 words of font info for 165 fonts, out of 3000000 for 9000
 14 hyphenation exceptions out of 8191
 63i,12n,96p,2098b,535s stack positions out of 5000i,500n,10000p,200000b,50000s

Output written on sduthesis-demo.pdf (26 pages).
